This is pdfTeX, Version 3.14159265-2.6-1.40.16 (MiKTeX 2.9) (preloaded format=pdflatex 2016.1.27)  28 JUL 2016 08:20
entering extended mode
**C:/Users/yurtaev/Desktop/tex/ИЯДС.466226.001И3.tex
(C:/Users/yurtaev/Desktop/tex/ИЯДС.466226.001И3.tex
LaTeX2e <2015/10/01> patch level 2
Babel <3.9n> and hyphenation patterns for 69 languages loaded.
("C:\Program Files (x86)\MiKTeX 2.9\tex\latex\eskdx\eskdtext.cls"
Document Class: eskdtext 2010/01/14 v0.98 Textual Documentation
("C:\Program Files (x86)\MiKTeX 2.9\tex\latex\extsizes\extarticle.cls"
Document Class: extarticle 1996/10/08 v1.0 Non Standard LaTeX document class
("C:\Program Files (x86)\MiKTeX 2.9\tex\latex\extsizes\size14.clo"
File: size14.clo 1999/11/11 v1.4a NON-Standard LaTeX file (size option)
)
("C:\Program Files (x86)\MiKTeX 2.9\tex\latex\base\exscale.sty"
Package: exscale 2014/09/29 v2.1h Standard LaTeX package exscale
LaTeX Font Info:    Redeclaring symbol font `largesymbols' on input line 57.
LaTeX Font Info:    Overwriting symbol font `largesymbols' in version `normal'
(Font)                  OMX/cmex/m/n --> OMX/cmex/m/n on input line 57.
LaTeX Font Info:    Overwriting symbol font `largesymbols' in version `bold'
(Font)                  OMX/cmex/m/n --> OMX/cmex/m/n on input line 57.
\big@size=\dimen102
)
\c@part=\count79
\c@section=\count80
\c@subsection=\count81
\c@subsubsection=\count82
\c@paragraph=\count83
\c@subparagraph=\count84
\c@figure=\count85
\c@table=\count86
\abovecaptionskip=\skip41
\belowcaptionskip=\skip42
\bibindent=\dimen103
)
("C:\Program Files (x86)\MiKTeX 2.9\tex\latex\eskdx\eskdlang.sty"
Package: eskdlang 2010/01/14 v0.98 Language

("C:\Program Files (x86)\MiKTeX 2.9\tex\latex\base\inputenc.sty"
Package: inputenc 2015/03/17 v1.2c Input encoding file
\inpenc@prehook=\toks14
\inpenc@posthook=\toks15

("C:\Program Files (x86)\MiKTeX 2.9\tex\latex\base\utf8.def"
File: utf8.def 2015/09/07 v1.1p UTF-8 support for inputenc
Now handling font encoding OML ...
... no UTF-8 mapping file for font encoding OML
Now handling font encoding T1 ...
... processing UTF-8 mapping file for font encoding T1

("C:\Program Files (x86)\MiKTeX 2.9\tex\latex\base\t1enc.dfu"
File: t1enc.dfu 2015/09/07 v1.1p UTF-8 support for inputenc
   defining Unicode char U+00A0 (decimal 160)
   defining Unicode char U+00A1 (decimal 161)
   defining Unicode char U+00A3 (decimal 163)
   defining Unicode char U+00AB (decimal 171)
   defining Unicode char U+00AD (decimal 173)
   defining Unicode char U+00BB (decimal 187)
   defining Unicode char U+00BF (decimal 191)
   defining Unicode char U+00C0 (decimal 192)
   defining Unicode char U+00C1 (decimal 193)
   defining Unicode char U+00C2 (decimal 194)
   defining Unicode char U+00C3 (decimal 195)
   defining Unicode char U+00C4 (decimal 196)
   defining Unicode char U+00C5 (decimal 197)
   defining Unicode char U+00C6 (decimal 198)
   defining Unicode char U+00C7 (decimal 199)
   defining Unicode char U+00C8 (decimal 200)
   defining Unicode char U+00C9 (decimal 201)
   defining Unicode char U+00CA (decimal 202)
   defining Unicode char U+00CB (decimal 203)
   defining Unicode char U+00CC (decimal 204)
   defining Unicode char U+00CD (decimal 205)
   defining Unicode char U+00CE (decimal 206)
   defining Unicode char U+00CF (decimal 207)
   defining Unicode char U+00D0 (decimal 208)
   defining Unicode char U+00D1 (decimal 209)
   defining Unicode char U+00D2 (decimal 210)
   defining Unicode char U+00D3 (decimal 211)
   defining Unicode char U+00D4 (decimal 212)
   defining Unicode char U+00D5 (decimal 213)
   defining Unicode char U+00D6 (decimal 214)
   defining Unicode char U+00D8 (decimal 216)
   defining Unicode char U+00D9 (decimal 217)
   defining Unicode char U+00DA (decimal 218)
   defining Unicode char U+00DB (decimal 219)
   defining Unicode char U+00DC (decimal 220)
   defining Unicode char U+00DD (decimal 221)
   defining Unicode char U+00DE (decimal 222)
   defining Unicode char U+00DF (decimal 223)
   defining Unicode char U+00E0 (decimal 224)
   defining Unicode char U+00E1 (decimal 225)
   defining Unicode char U+00E2 (decimal 226)
   defining Unicode char U+00E3 (decimal 227)
   defining Unicode char U+00E4 (decimal 228)
   defining Unicode char U+00E5 (decimal 229)
   defining Unicode char U+00E6 (decimal 230)
   defining Unicode char U+00E7 (decimal 231)
   defining Unicode char U+00E8 (decimal 232)
   defining Unicode char U+00E9 (decimal 233)
   defining Unicode char U+00EA (decimal 234)
   defining Unicode char U+00EB (decimal 235)
   defining Unicode char U+00EC (decimal 236)
   defining Unicode char U+00ED (decimal 237)
   defining Unicode char U+00EE (decimal 238)
   defining Unicode char U+00EF (decimal 239)
   defining Unicode char U+00F0 (decimal 240)
   defining Unicode char U+00F1 (decimal 241)
   defining Unicode char U+00F2 (decimal 242)
   defining Unicode char U+00F3 (decimal 243)
   defining Unicode char U+00F4 (decimal 244)
   defining Unicode char U+00F5 (decimal 245)
   defining Unicode char U+00F6 (decimal 246)
   defining Unicode char U+00F8 (decimal 248)
   defining Unicode char U+00F9 (decimal 249)
   defining Unicode char U+00FA (decimal 250)
   defining Unicode char U+00FB (decimal 251)
   defining Unicode char U+00FC (decimal 252)
   defining Unicode char U+00FD (decimal 253)
   defining Unicode char U+00FE (decimal 254)
   defining Unicode char U+00FF (decimal 255)
   defining Unicode char U+0102 (decimal 258)
   defining Unicode char U+0103 (decimal 259)
   defining Unicode char U+0104 (decimal 260)
   defining Unicode char U+0105 (decimal 261)
   defining Unicode char U+0106 (decimal 262)
   defining Unicode char U+0107 (decimal 263)
   defining Unicode char U+010C (decimal 268)
   defining Unicode char U+010D (decimal 269)
   defining Unicode char U+010E (decimal 270)
   defining Unicode char U+010F (decimal 271)
   defining Unicode char U+0110 (decimal 272)
   defining Unicode char U+0111 (decimal 273)
   defining Unicode char U+0118 (decimal 280)
   defining Unicode char U+0119 (decimal 281)
   defining Unicode char U+011A (decimal 282)
   defining Unicode char U+011B (decimal 283)
   defining Unicode char U+011E (decimal 286)
   defining Unicode char U+011F (decimal 287)
   defining Unicode char U+0130 (decimal 304)
   defining Unicode char U+0131 (decimal 305)
   defining Unicode char U+0132 (decimal 306)
   defining Unicode char U+0133 (decimal 307)
   defining Unicode char U+0139 (decimal 313)
   defining Unicode char U+013A (decimal 314)
   defining Unicode char U+013D (decimal 317)
   defining Unicode char U+013E (decimal 318)
   defining Unicode char U+0141 (decimal 321)
   defining Unicode char U+0142 (decimal 322)
   defining Unicode char U+0143 (decimal 323)
   defining Unicode char U+0144 (decimal 324)
   defining Unicode char U+0147 (decimal 327)
   defining Unicode char U+0148 (decimal 328)
   defining Unicode char U+014A (decimal 330)
   defining Unicode char U+014B (decimal 331)
   defining Unicode char U+0150 (decimal 336)
   defining Unicode char U+0151 (decimal 337)
   defining Unicode char U+0152 (decimal 338)
   defining Unicode char U+0153 (decimal 339)
   defining Unicode char U+0154 (decimal 340)
   defining Unicode char U+0155 (decimal 341)
   defining Unicode char U+0158 (decimal 344)
   defining Unicode char U+0159 (decimal 345)
   defining Unicode char U+015A (decimal 346)
   defining Unicode char U+015B (decimal 347)
   defining Unicode char U+015E (decimal 350)
   defining Unicode char U+015F (decimal 351)
   defining Unicode char U+0160 (decimal 352)
   defining Unicode char U+0161 (decimal 353)
   defining Unicode char U+0162 (decimal 354)
   defining Unicode char U+0163 (decimal 355)
   defining Unicode char U+0164 (decimal 356)
   defining Unicode char U+0165 (decimal 357)
   defining Unicode char U+016E (decimal 366)
   defining Unicode char U+016F (decimal 367)
   defining Unicode char U+0170 (decimal 368)
   defining Unicode char U+0171 (decimal 369)
   defining Unicode char U+0174 (decimal 372)
   defining Unicode char U+0175 (decimal 373)
   defining Unicode char U+0176 (decimal 374)
   defining Unicode char U+0177 (decimal 375)
   defining Unicode char U+0178 (decimal 376)
   defining Unicode char U+0179 (decimal 377)
   defining Unicode char U+017A (decimal 378)
   defining Unicode char U+017B (decimal 379)
   defining Unicode char U+017C (decimal 380)
   defining Unicode char U+017D (decimal 381)
   defining Unicode char U+017E (decimal 382)
   defining Unicode char U+0218 (decimal 536)
   defining Unicode char U+0219 (decimal 537)
   defining Unicode char U+021A (decimal 538)
   defining Unicode char U+021B (decimal 539)
   defining Unicode char U+200C (decimal 8204)
   defining Unicode char U+2013 (decimal 8211)
   defining Unicode char U+2014 (decimal 8212)
   defining Unicode char U+2018 (decimal 8216)
   defining Unicode char U+2019 (decimal 8217)
   defining Unicode char U+201A (decimal 8218)
   defining Unicode char U+201C (decimal 8220)
   defining Unicode char U+201D (decimal 8221)
   defining Unicode char U+201E (decimal 8222)
   defining Unicode char U+2030 (decimal 8240)
   defining Unicode char U+2031 (decimal 8241)
   defining Unicode char U+2039 (decimal 8249)
   defining Unicode char U+203A (decimal 8250)
   defining Unicode char U+2423 (decimal 9251)
)
Now handling font encoding OT1 ...
... processing UTF-8 mapping file for font encoding OT1

("C:\Program Files (x86)\MiKTeX 2.9\tex\latex\base\ot1enc.dfu"
File: ot1enc.dfu 2015/09/07 v1.1p UTF-8 support for inputenc
   defining Unicode char U+00A0 (decimal 160)
   defining Unicode char U+00A1 (decimal 161)
   defining Unicode char U+00A3 (decimal 163)
   defining Unicode char U+00AD (decimal 173)
   defining Unicode char U+00B8 (decimal 184)
   defining Unicode char U+00BF (decimal 191)
   defining Unicode char U+00C5 (decimal 197)
   defining Unicode char U+00C6 (decimal 198)
   defining Unicode char U+00D8 (decimal 216)
   defining Unicode char U+00DF (decimal 223)
   defining Unicode char U+00E6 (decimal 230)
   defining Unicode char U+00EC (decimal 236)
   defining Unicode char U+00ED (decimal 237)
   defining Unicode char U+00EE (decimal 238)
   defining Unicode char U+00EF (decimal 239)
   defining Unicode char U+00F8 (decimal 248)
   defining Unicode char U+0131 (decimal 305)
   defining Unicode char U+0141 (decimal 321)
   defining Unicode char U+0142 (decimal 322)
   defining Unicode char U+0152 (decimal 338)
   defining Unicode char U+0153 (decimal 339)
   defining Unicode char U+0174 (decimal 372)
   defining Unicode char U+0175 (decimal 373)
   defining Unicode char U+0176 (decimal 374)
   defining Unicode char U+0177 (decimal 375)
   defining Unicode char U+0218 (decimal 536)
   defining Unicode char U+0219 (decimal 537)
   defining Unicode char U+021A (decimal 538)
   defining Unicode char U+021B (decimal 539)
   defining Unicode char U+2013 (decimal 8211)
   defining Unicode char U+2014 (decimal 8212)
   defining Unicode char U+2018 (decimal 8216)
   defining Unicode char U+2019 (decimal 8217)
   defining Unicode char U+201C (decimal 8220)
   defining Unicode char U+201D (decimal 8221)
)
Now handling font encoding OMS ...
... processing UTF-8 mapping file for font encoding OMS

("C:\Program Files (x86)\MiKTeX 2.9\tex\latex\base\omsenc.dfu"
File: omsenc.dfu 2015/09/07 v1.1p UTF-8 support for inputenc
   defining Unicode char U+00A7 (decimal 167)
   defining Unicode char U+00B6 (decimal 182)
   defining Unicode char U+00B7 (decimal 183)
   defining Unicode char U+2020 (decimal 8224)
   defining Unicode char U+2021 (decimal 8225)
   defining Unicode char U+2022 (decimal 8226)
)
Now handling font encoding OMX ...
... no UTF-8 mapping file for font encoding OMX
Now handling font encoding U ...
... no UTF-8 mapping file for font encoding U
   defining Unicode char U+00A9 (decimal 169)
   defining Unicode char U+00AA (decimal 170)
   defining Unicode char U+00AE (decimal 174)
   defining Unicode char U+00BA (decimal 186)
   defining Unicode char U+02C6 (decimal 710)
   defining Unicode char U+02DC (decimal 732)
   defining Unicode char U+200C (decimal 8204)
   defining Unicode char U+2026 (decimal 8230)
   defining Unicode char U+2122 (decimal 8482)
   defining Unicode char U+2423 (decimal 9251)
))
("C:\Program Files (x86)\MiKTeX 2.9\tex\generic\babel\babel.sty"
Package: babel 2016/01/08 3.9n The Babel package

*************************************
* Local config file bblopts.cfg used
*
("C:\Program Files (x86)\MiKTeX 2.9\tex\latex\00miktex\bblopts.cfg"
File: bblopts.cfg 2006/07/31 v1.0 MiKTeX 'babel' configuration
)
("C:\Program Files (x86)\MiKTeX 2.9\tex\latex\babel-russian\russianb.ldf"
Language: russianb 2015/05/01 1.3g Russian support for the Babel system

("C:\Program Files (x86)\MiKTeX 2.9\tex\generic\babel\babel.def"
File: babel.def 2016/01/08 3.9n Babel common definitions
\babel@savecnt=\count87
\U@D=\dimen104
)

Package babel Warning: No Cyrillic font encoding has been loaded so far.
(babel)                A font encoding should be declared before babel.
(babel)                Default `T2A' encoding will be loaded  on input line 69.


("C:\Program Files (x86)\MiKTeX 2.9\tex\latex\cyrillic\t2aenc.def"
File: t2aenc.def 2005/09/27 v1.0i Cyrillic encoding definition file
Now handling font encoding T2A ...
... processing UTF-8 mapping file for font encoding T2A

("C:\Program Files (x86)\MiKTeX 2.9\tex\latex\base\t2aenc.dfu"
File: t2aenc.dfu 2015/09/07 v1.1p UTF-8 support for inputenc
   defining Unicode char U+00A4 (decimal 164)
   defining Unicode char U+00A7 (decimal 167)
   defining Unicode char U+00AB (decimal 171)
   defining Unicode char U+00BB (decimal 187)
   defining Unicode char U+0131 (decimal 305)
   defining Unicode char U+0400 (decimal 1024)
   defining Unicode char U+0401 (decimal 1025)
   defining Unicode char U+0402 (decimal 1026)
   defining Unicode char U+0403 (decimal 1027)
   defining Unicode char U+0404 (decimal 1028)
   defining Unicode char U+0405 (decimal 1029)
   defining Unicode char U+0406 (decimal 1030)
   defining Unicode char U+0407 (decimal 1031)
   defining Unicode char U+0408 (decimal 1032)
   defining Unicode char U+0409 (decimal 1033)
   defining Unicode char U+040A (decimal 1034)
   defining Unicode char U+040B (decimal 1035)
   defining Unicode char U+040C (decimal 1036)
   defining Unicode char U+040D (decimal 1037)
   defining Unicode char U+040E (decimal 1038)
   defining Unicode char U+040F (decimal 1039)
   defining Unicode char U+0410 (decimal 1040)
   defining Unicode char U+0411 (decimal 1041)
   defining Unicode char U+0412 (decimal 1042)
   defining Unicode char U+0413 (decimal 1043)
   defining Unicode char U+0414 (decimal 1044)
   defining Unicode char U+0415 (decimal 1045)
   defining Unicode char U+0416 (decimal 1046)
   defining Unicode char U+0417 (decimal 1047)
   defining Unicode char U+0418 (decimal 1048)
   defining Unicode char U+0419 (decimal 1049)
   defining Unicode char U+041A (decimal 1050)
   defining Unicode char U+041B (decimal 1051)
   defining Unicode char U+041C (decimal 1052)
   defining Unicode char U+041D (decimal 1053)
   defining Unicode char U+041E (decimal 1054)
   defining Unicode char U+041F (decimal 1055)
   defining Unicode char U+0420 (decimal 1056)
   defining Unicode char U+0421 (decimal 1057)
   defining Unicode char U+0422 (decimal 1058)
   defining Unicode char U+0423 (decimal 1059)
   defining Unicode char U+0424 (decimal 1060)
   defining Unicode char U+0425 (decimal 1061)
   defining Unicode char U+0426 (decimal 1062)
   defining Unicode char U+0427 (decimal 1063)
   defining Unicode char U+0428 (decimal 1064)
   defining Unicode char U+0429 (decimal 1065)
   defining Unicode char U+042A (decimal 1066)
   defining Unicode char U+042B (decimal 1067)
   defining Unicode char U+042C (decimal 1068)
   defining Unicode char U+042D (decimal 1069)
   defining Unicode char U+042E (decimal 1070)
   defining Unicode char U+042F (decimal 1071)
   defining Unicode char U+0430 (decimal 1072)
   defining Unicode char U+0431 (decimal 1073)
   defining Unicode char U+0432 (decimal 1074)
   defining Unicode char U+0433 (decimal 1075)
   defining Unicode char U+0434 (decimal 1076)
   defining Unicode char U+0435 (decimal 1077)
   defining Unicode char U+0436 (decimal 1078)
   defining Unicode char U+0437 (decimal 1079)
   defining Unicode char U+0438 (decimal 1080)
   defining Unicode char U+0439 (decimal 1081)
   defining Unicode char U+043A (decimal 1082)
   defining Unicode char U+043B (decimal 1083)
   defining Unicode char U+043C (decimal 1084)
   defining Unicode char U+043D (decimal 1085)
   defining Unicode char U+043E (decimal 1086)
   defining Unicode char U+043F (decimal 1087)
   defining Unicode char U+0440 (decimal 1088)
   defining Unicode char U+0441 (decimal 1089)
   defining Unicode char U+0442 (decimal 1090)
   defining Unicode char U+0443 (decimal 1091)
   defining Unicode char U+0444 (decimal 1092)
   defining Unicode char U+0445 (decimal 1093)
   defining Unicode char U+0446 (decimal 1094)
   defining Unicode char U+0447 (decimal 1095)
   defining Unicode char U+0448 (decimal 1096)
   defining Unicode char U+0449 (decimal 1097)
   defining Unicode char U+044A (decimal 1098)
   defining Unicode char U+044B (decimal 1099)
   defining Unicode char U+044C (decimal 1100)
   defining Unicode char U+044D (decimal 1101)
   defining Unicode char U+044E (decimal 1102)
   defining Unicode char U+044F (decimal 1103)
   defining Unicode char U+0450 (decimal 1104)
   defining Unicode char U+0451 (decimal 1105)
   defining Unicode char U+0452 (decimal 1106)
   defining Unicode char U+0453 (decimal 1107)
   defining Unicode char U+0454 (decimal 1108)
   defining Unicode char U+0455 (decimal 1109)
   defining Unicode char U+0456 (decimal 1110)
   defining Unicode char U+0457 (decimal 1111)
   defining Unicode char U+0458 (decimal 1112)
   defining Unicode char U+0459 (decimal 1113)
   defining Unicode char U+045A (decimal 1114)
   defining Unicode char U+045B (decimal 1115)
   defining Unicode char U+045C (decimal 1116)
   defining Unicode char U+045D (decimal 1117)
   defining Unicode char U+045E (decimal 1118)
   defining Unicode char U+045F (decimal 1119)
   defining Unicode char U+0490 (decimal 1168)
   defining Unicode char U+0491 (decimal 1169)
   defining Unicode char U+0492 (decimal 1170)
   defining Unicode char U+0493 (decimal 1171)
   defining Unicode char U+0496 (decimal 1174)
   defining Unicode char U+0497 (decimal 1175)
   defining Unicode char U+0498 (decimal 1176)
   defining Unicode char U+0499 (decimal 1177)
   defining Unicode char U+049A (decimal 1178)
   defining Unicode char U+049B (decimal 1179)
   defining Unicode char U+049C (decimal 1180)
   defining Unicode char U+049D (decimal 1181)
   defining Unicode char U+04A0 (decimal 1184)
   defining Unicode char U+04A1 (decimal 1185)
   defining Unicode char U+04A2 (decimal 1186)
   defining Unicode char U+04A3 (decimal 1187)
   defining Unicode char U+04A4 (decimal 1188)
   defining Unicode char U+04A5 (decimal 1189)
   defining Unicode char U+04AA (decimal 1194)
   defining Unicode char U+04AB (decimal 1195)
   defining Unicode char U+04AE (decimal 1198)
   defining Unicode char U+04AF (decimal 1199)
   defining Unicode char U+04B0 (decimal 1200)
   defining Unicode char U+04B1 (decimal 1201)
   defining Unicode char U+04B2 (decimal 1202)
   defining Unicode char U+04B3 (decimal 1203)
   defining Unicode char U+04B6 (decimal 1206)
   defining Unicode char U+04B7 (decimal 1207)
   defining Unicode char U+04B8 (decimal 1208)
   defining Unicode char U+04B9 (decimal 1209)
   defining Unicode char U+04BA (decimal 1210)
   defining Unicode char U+04BB (decimal 1211)
   defining Unicode char U+04C0 (decimal 1216)
   defining Unicode char U+04C1 (decimal 1217)
   defining Unicode char U+04C2 (decimal 1218)
   defining Unicode char U+04D0 (decimal 1232)
   defining Unicode char U+04D1 (decimal 1233)
   defining Unicode char U+04D2 (decimal 1234)
   defining Unicode char U+04D3 (decimal 1235)
   defining Unicode char U+04D4 (decimal 1236)
   defining Unicode char U+04D5 (decimal 1237)
   defining Unicode char U+04D6 (decimal 1238)
   defining Unicode char U+04D7 (decimal 1239)
   defining Unicode char U+04D8 (decimal 1240)
   defining Unicode char U+04D9 (decimal 1241)
   defining Unicode char U+04DA (decimal 1242)
   defining Unicode char U+04DB (decimal 1243)
   defining Unicode char U+04DC (decimal 1244)
   defining Unicode char U+04DD (decimal 1245)
   defining Unicode char U+04DE (decimal 1246)
   defining Unicode char U+04DF (decimal 1247)
   defining Unicode char U+04E2 (decimal 1250)
   defining Unicode char U+04E3 (decimal 1251)
   defining Unicode char U+04E4 (decimal 1252)
   defining Unicode char U+04E5 (decimal 1253)
   defining Unicode char U+04E6 (decimal 1254)
   defining Unicode char U+04E7 (decimal 1255)
   defining Unicode char U+04E8 (decimal 1256)
   defining Unicode char U+04E9 (decimal 1257)
   defining Unicode char U+04EC (decimal 1260)
   defining Unicode char U+04ED (decimal 1261)
   defining Unicode char U+04EE (decimal 1262)
   defining Unicode char U+04EF (decimal 1263)
   defining Unicode char U+04F0 (decimal 1264)
   defining Unicode char U+04F1 (decimal 1265)
   defining Unicode char U+04F2 (decimal 1266)
   defining Unicode char U+04F3 (decimal 1267)
   defining Unicode char U+04F4 (decimal 1268)
   defining Unicode char U+04F5 (decimal 1269)
   defining Unicode char U+04F8 (decimal 1272)
   defining Unicode char U+04F9 (decimal 1273)
   defining Unicode char U+200C (decimal 8204)
   defining Unicode char U+2013 (decimal 8211)
   defining Unicode char U+2014 (decimal 8212)
   defining Unicode char U+2018 (decimal 8216)
   defining Unicode char U+2019 (decimal 8217)
   defining Unicode char U+201C (decimal 8220)
   defining Unicode char U+201D (decimal 8221)
   defining Unicode char U+201E (decimal 8222)
   defining Unicode char U+2030 (decimal 8240)
   defining Unicode char U+2031 (decimal 8241)
   defining Unicode char U+2116 (decimal 8470)
   defining Unicode char U+2329 (decimal 9001)
   defining Unicode char U+232A (decimal 9002)
   defining Unicode char U+2423 (decimal 9251)
))
Package babel Info: Making " an active character on input line 112.
))
("C:\Program Files (x86)\MiKTeX 2.9\tex\latex\eskdx\eskdrussian.def"
File: eskdrussian.def 2010/01/17 v0.98 Language File
\ESKDexplanWidth=\skip43
))
("C:\Program Files (x86)\MiKTeX 2.9\tex\latex\eskdx\eskdstamp.sty"
Package: eskdstamp 2011/05/06 v0.98 Stamp GOST 2.104-68

("C:\Program Files (x86)\MiKTeX 2.9\tex\latex\tools\calc.sty"
Package: calc 2014/10/28 v4.3 Infix arithmetic (KKT,FJ)
\calc@Acount=\count88
\calc@Bcount=\count89
\calc@Adimen=\dimen105
\calc@Bdimen=\dimen106
\calc@Askip=\skip44
\calc@Bskip=\skip45
LaTeX Info: Redefining \setlength on input line 80.
LaTeX Info: Redefining \addtolength on input line 81.
\calc@Ccount=\count90
\calc@Cskip=\skip46
)
\ESKD@margin@si=\skip47
\ESKD@margin@so=\skip48
\ESKD@margin@t=\skip49
\ESKD@margin@b=\skip50
\ESKDlineThick=\skip51
\ESKDlineThin=\skip52
\ESKD@padding@h=\skip53
\ESKD@padding@v=\skip54

("C:\Program Files (x86)\MiKTeX 2.9\tex\latex\graphics\keyval.sty"
Package: keyval 2014/10/28 v1.15 key=value parser (DPC)
\KV@toks@=\toks16
)
("C:\Program Files (x86)\MiKTeX 2.9\tex\latex\geometry\geometry.sty"
Package: geometry 2010/09/12 v5.6 Page Geometry

("C:\Program Files (x86)\MiKTeX 2.9\tex\generic\oberdiek\ifpdf.sty"
Package: ifpdf 2011/01/30 v2.3 Provides the ifpdf switch (HO)
Package ifpdf Info: pdfTeX in PDF mode is detected.
)
("C:\Program Files (x86)\MiKTeX 2.9\tex\generic\oberdiek\ifvtex.sty"
Package: ifvtex 2010/03/01 v1.5 Detect VTeX and its facilities (HO)
Package ifvtex Info: VTeX not detected.
)
("C:\Program Files (x86)\MiKTeX 2.9\tex\generic\ifxetex\ifxetex.sty"
Package: ifxetex 2010/09/12 v0.6 Provides ifxetex conditional
)
\Gm@cnth=\count91
\Gm@cntv=\count92
\c@Gm@tempcnt=\count93
\Gm@bindingoffset=\dimen107
\Gm@wd@mp=\dimen108
\Gm@odd@mp=\dimen109
\Gm@even@mp=\dimen110
\Gm@layoutwidth=\dimen111
\Gm@layoutheight=\dimen112
\Gm@layouthoffset=\dimen113
\Gm@layoutvoffset=\dimen114
\Gm@dimlist=\toks17

("C:\Program Files (x86)\MiKTeX 2.9\tex\latex\geometry\geometry.cfg"))
("C:\Program Files (x86)\MiKTeX 2.9\tex\latex\lastpage\lastpage.sty"
Package: lastpage 2015/03/29 v1.2m Refers to last page's name (HMM; JPG)
)
\ESKD@tmpdima=\skip55
\ESKD@tmpdimb=\skip56
\ESKD@tmpdimc=\skip57
\ESKD@tmpcnta=\count94
\ESKD@tmpcntb=\count95
\ESKD@zonelabel@hc=\count96
\ESKD@zonelabel@vc=\count97
\ESKD@zonelabel@hs=\skip58
\ESKD@zonelabel@vs=\skip59
\ESKD@zonelabel@cnt=\count98
\ESKD@origin@x=\skip60
\ESKD@origin@y=\skip61
\ESKDframeX=\skip62
\ESKDframeY=\skip63
\ESKDframeW=\skip64
\ESKDframeH=\skip65
\ESKDstampX=\skip66
\ESKDstampY=\skip67

("C:\Program Files (x86)\MiKTeX 2.9\tex\latex\eskdx\eskdfont.sty"
Package: eskdfont 2010/01/14 v0.98 Font Definitions
)
("C:\Program Files (x86)\MiKTeX 2.9\tex\latex\rotating\rotating.sty"
Package: rotating 2009/03/28 v2.16a rotated objects in LaTeX

("C:\Program Files (x86)\MiKTeX 2.9\tex\latex\graphics\graphicx.sty"
Package: graphicx 2014/10/28 v1.0g Enhanced LaTeX Graphics (DPC,SPQR)

("C:\Program Files (x86)\MiKTeX 2.9\tex\latex\graphics\graphics.sty"
Package: graphics 2014/10/28 v1.0p Standard LaTeX Graphics (DPC,SPQR)

("C:\Program Files (x86)\MiKTeX 2.9\tex\latex\graphics\trig.sty"
Package: trig 1999/03/16 v1.09 sin cos tan (DPC)
)
("C:\Program Files (x86)\MiKTeX 2.9\tex\latex\00miktex\graphics.cfg"
File: graphics.cfg 2007/01/18 v1.5 graphics configuration of teTeX/TeXLive
)
Package graphics Info: Driver file: pdftex.def on input line 94.

("C:\Program Files (x86)\MiKTeX 2.9\tex\latex\pdftex-def\pdftex.def"
File: pdftex.def 2011/05/27 v0.06d Graphics/color for pdfTeX

("C:\Program Files (x86)\MiKTeX 2.9\tex\generic\oberdiek\infwarerr.sty"
Package: infwarerr 2010/04/08 v1.3 Providing info/warning/error messages (HO)
)
("C:\Program Files (x86)\MiKTeX 2.9\tex\generic\oberdiek\ltxcmds.sty"
Package: ltxcmds 2011/11/09 v1.22 LaTeX kernel commands for general use (HO)
)
\Gread@gobject=\count99
))
\Gin@req@height=\dimen115
\Gin@req@width=\dimen116
)
("C:\Program Files (x86)\MiKTeX 2.9\tex\latex\base\ifthen.sty"
Package: ifthen 2014/09/29 v1.1c Standard LaTeX ifthen package (DPC)
)
\c@r@tfl@t=\count100
\rotFPtop=\skip68
\rotFPbot=\skip69
\rot@float@box=\box26
\rot@mess@toks=\toks18
)
\ESKD@frame@box=\box27
\ESKD@stamp@i@box=\box28
\ESKD@stamp@ii@box=\box29
\ESKD@stamp@ii@a@box=\box30
\ESKD@stamp@ii@b@box=\box31
\ESKD@columns@xix@box=\box32

("C:\Program Files (x86)\MiKTeX 2.9\tex\latex\eskdx\eskdhash.sty"
Package: eskdhash 2010/01/14 v0.98 Hash Routines
)
\ESKD@hash@c@@style@draw@empty=\count101
\ESKD@hash@p@@style@draw@empty=\count102
\ESKD@hash@c@@style@draw@title=\count103
\ESKD@hash@p@@style@draw@title=\count104
\ESKD@hash@c@@style@draw@formI=\count105
\ESKD@hash@p@@style@draw@formI=\count106
\ESKD@hash@c@@style@draw@formII=\count107
\ESKD@hash@p@@style@draw@formII=\count108
\ESKD@hash@c@@style@draw@formIIab=\count109
\ESKD@hash@p@@style@draw@formIIab=\count110
\ESKD@curpad@h=\skip70
\ESKD@curpad@v=\skip71

("C:\Program Files (x86)\MiKTeX 2.9\tex\latex\ms\everyshi.sty"
Package: everyshi 2001/05/15 v3.00 EveryShipout Package (MS)
)
("C:\Program Files (x86)\MiKTeX 2.9\tex\latex\ltxmisc\chngpage.sty"
Package: chngpage 2003/08/10 v1.2 change page layout
\c@cp@cnt=\count111
\c@cp@tempcnt=\count112
)
("C:\Program Files (x86)\MiKTeX 2.9\tex\latex\eskdx\eskdinfo.sty"
Package: eskdinfo 2010/01/14 v0.98 Document Information

("C:\Program Files (x86)\MiKTeX 2.9\tex\latex\eskdx\eskdafterpkg.sty"
Package: eskdafterpkg 2010/01/14 v0.98 Apply Commands After Package
)
After Package Info: Collect commands for hyperref on input line 99
))
("C:\Program Files (x86)\MiKTeX 2.9\tex\latex\eskdx\eskdindent.sty"
Package: eskdindent 2010/01/14 v0.98 Paragraph Indent

("C:\Program Files (x86)\MiKTeX 2.9\tex\latex\tools\indentfirst.sty"
Package: indentfirst 1995/11/23 v1.03 Indent first paragraph (DPC)
))
("C:\Program Files (x86)\MiKTeX 2.9\tex\latex\eskdx\eskdlist.sty"
Package: eskdlist 2010/01/14 v0.98 List
)
("C:\Program Files (x86)\MiKTeX 2.9\tex\latex\eskdx\eskdsect.sty"
Package: eskdsect 2010/01/14 v0.98 Sectioning
\ESKDsectionSkipBefore=\skip72
\ESKDsectionSkipAfter=\skip73
\ESKDsubsectionSkipBefore=\skip74
\ESKDsubsectionSkipAfter=\skip75
\ESKDsubsubsectionSkipBefore=\skip76
\ESKDsubsubsectionSkipAfter=\skip77
\c@point=\count113
\c@subpoint=\count114
\c@subsubpoint=\count115
\c@appendix=\count116
\ESKDappendixSkip=\skip78
)
("C:\Program Files (x86)\MiKTeX 2.9\tex\latex\eskdx\eskdcap.sty"
Package: eskdcap 2010/01/14 v0.98 Captions

("C:\Program Files (x86)\MiKTeX 2.9\tex\latex\caption\caption.sty"
Package: caption 2015/09/17 v3.3-111 Customizing captions (AR)

("C:\Program Files (x86)\MiKTeX 2.9\tex\latex\caption\caption3.sty"
Package: caption3 2015/09/20 v1.7-115 caption3 kernel (AR)
Package caption3 Info: TeX engine: e-TeX on input line 57.
\captionmargin=\dimen117
\captionmargin@=\dimen118
\captionwidth=\dimen119
\caption@tempdima=\dimen120
\caption@indent=\dimen121
\caption@parindent=\dimen122
\caption@hangindent=\dimen123
)
\c@ContinuedFloat=\count117
Package caption Info: rotating package is loaded.
))
("C:\Program Files (x86)\MiKTeX 2.9\tex\latex\eskdx\eskdfootnote.sty"
Package: eskdfootnote 2010/01/14 v0.98 Footnote Settings

("C:\Program Files (x86)\MiKTeX 2.9\tex\latex\amsmath\amsmath.sty"
Package: amsmath 2013/01/14 v2.14 AMS math features
\@mathmargin=\skip79

For additional information on amsmath, use the `?' option.
("C:\Program Files (x86)\MiKTeX 2.9\tex\latex\amsmath\amstext.sty"
Package: amstext 2000/06/29 v2.01

("C:\Program Files (x86)\MiKTeX 2.9\tex\latex\amsmath\amsgen.sty"
File: amsgen.sty 1999/11/30 v2.0
\@emptytoks=\toks19
\ex@=\dimen124
))
("C:\Program Files (x86)\MiKTeX 2.9\tex\latex\amsmath\amsbsy.sty"
Package: amsbsy 1999/11/29 v1.2d
\pmbraise@=\dimen125
)
("C:\Program Files (x86)\MiKTeX 2.9\tex\latex\amsmath\amsopn.sty"
Package: amsopn 1999/12/14 v2.01 operator names
)
\inf@bad=\count118
LaTeX Info: Redefining \frac on input line 210.
\uproot@=\count119
\leftroot@=\count120
LaTeX Info: Redefining \overline on input line 306.
\classnum@=\count121
\DOTSCASE@=\count122
LaTeX Info: Redefining \ldots on input line 378.
LaTeX Info: Redefining \dots on input line 381.
LaTeX Info: Redefining \cdots on input line 466.
\Mathstrutbox@=\box33
\strutbox@=\box34
\big@size=\dimen126
LaTeX Font Info:    Redeclaring font encoding OML on input line 566.
LaTeX Font Info:    Redeclaring font encoding OMS on input line 567.
\macc@depth=\count123
\c@MaxMatrixCols=\count124
\dotsspace@=\muskip10
\c@parentequation=\count125
\dspbrk@lvl=\count126
\tag@help=\toks20
\row@=\count127
\column@=\count128
\maxfields@=\count129
\andhelp@=\toks21
\eqnshift@=\dimen127
\alignsep@=\dimen128
\tagshift@=\dimen129
\tagwidth@=\dimen130
\totwidth@=\dimen131
\lineht@=\dimen132
\@envbody=\toks22
\multlinegap=\skip80
\multlinetaggap=\skip81
\mathdisplay@stack=\toks23
LaTeX Info: Redefining \[ on input line 2665.
LaTeX Info: Redefining \] on input line 2666.
)
("C:\Program Files (x86)\MiKTeX 2.9\tex\latex\oberdiek\zref-perpage.sty"
Package: zref-perpage 2012/04/04 v2.24 Module perpage for zref (HO)

("C:\Program Files (x86)\MiKTeX 2.9\tex\latex\oberdiek\zref-base.sty"
Package: zref-base 2012/04/04 v2.24 Module base for zref (HO)

("C:\Program Files (x86)\MiKTeX 2.9\tex\generic\oberdiek\kvsetkeys.sty"
Package: kvsetkeys 2012/04/25 v1.16 Key value parser (HO)

("C:\Program Files (x86)\MiKTeX 2.9\tex\generic\oberdiek\etexcmds.sty"
Package: etexcmds 2011/02/16 v1.5 Avoid name clashes with e-TeX commands (HO)

("C:\Program Files (x86)\MiKTeX 2.9\tex\generic\oberdiek\ifluatex.sty"
Package: ifluatex 2010/03/01 v1.3 Provides the ifluatex switch (HO)
Package ifluatex Info: LuaTeX not detected.
)
Package etexcmds Info: Could not find \expanded.
(etexcmds)             That can mean that you are not using pdfTeX 1.50 or
(etexcmds)             that some package has redefined \expanded.
(etexcmds)             In the latter case, load this package earlier.
))
("C:\Program Files (x86)\MiKTeX 2.9\tex\generic\oberdiek\kvdefinekeys.sty"
Package: kvdefinekeys 2011/04/07 v1.3 Define keys (HO)
)
("C:\Program Files (x86)\MiKTeX 2.9\tex\generic\oberdiek\pdftexcmds.sty"
Package: pdftexcmds 2011/11/29 v0.20 Utility functions of pdfTeX for LuaTeX (HO
)
Package pdftexcmds Info: LuaTeX not detected.
Package pdftexcmds Info: \pdf@primitive is available.
Package pdftexcmds Info: \pdf@ifprimitive is available.
Package pdftexcmds Info: \pdfdraftmode found.
)
("C:\Program Files (x86)\MiKTeX 2.9\tex\latex\oberdiek\auxhook.sty"
Package: auxhook 2011/03/04 v1.3 Hooks for auxiliary files (HO)
)
Package zref Info: New property list: main on input line 759.
Package zref Info: New property: default on input line 760.
Package zref Info: New property: page on input line 761.
)
("C:\Program Files (x86)\MiKTeX 2.9\tex\latex\oberdiek\zref-abspage.sty"
Package: zref-abspage 2012/04/04 v2.24 Module abspage for zref (HO)

("C:\Program Files (x86)\MiKTeX 2.9\tex\generic\oberdiek\atbegshi.sty"
Package: atbegshi 2011/10/05 v1.16 At begin shipout hook (HO)
)
\c@abspage=\count130
Package zref Info: New property: abspage on input line 62.
)
Package zref Info: New property: pagevalue on input line 54.
Package zref Info: New property list: perpage on input line 55.
\c@zpage=\count131
\c@zref@unique=\count132
))
("C:\Program Files (x86)\MiKTeX 2.9\tex\latex\eskdx\eskdbiblist.sty"
Package: eskdbiblist 2010/01/14 v0.98 Bibliography List
)
("C:\Program Files (x86)\MiKTeX 2.9\tex\latex\eskdx\eskdexplan.sty"
Package: eskdexplan 2010/01/19 v0.98 ESKD Explanation
\ESKDexplanIndent=\skip82
)
("C:\Program Files (x86)\MiKTeX 2.9\tex\latex\eskdx\eskdtitlebase.sty"
Package: eskdtitlebase 2010/01/14 v0.98 Base Title Commands
\ESKD@title@agreed@cnt=\count133
\ESKD@title@designed@cnt=\count134
)
("C:\Program Files (x86)\MiKTeX 2.9\tex\latex\eskdx\eskdtitle.sty"
Package: eskdtitle 2010/01/14 v0.98 Title GOST 2.105
))
("C:\Program Files (x86)\MiKTeX 2.9\tex\latex\cmap\cmap.sty"
Package: cmap 2008/03/06 v1.0h CMap support: searchable PDF
)
("C:\Program Files (x86)\MiKTeX 2.9\tex\latex\eskdx\eskdchngsheet.sty"
Package: eskdchngsheet 2010/01/14 v0.98 Sheet of Changes GOST 2.503-90

("C:\Program Files (x86)\MiKTeX 2.9\tex\latex\tools\array.sty"
Package: array 2014/10/28 v2.4c Tabular extension package (FMi)
\col@sep=\dimen133
\extrarowheight=\dimen134
\NC@list=\toks24
\extratabsurround=\skip83
\backup@length=\skip84
)
("C:\Program Files (x86)\MiKTeX 2.9\tex\latex\tools\longtable.sty"
Package: longtable 2014/10/28 v4.11 Multi-page Table package (DPC)
\LTleft=\skip85
\LTright=\skip86
\LTpre=\skip87
\LTpost=\skip88
\LTchunksize=\count135
\LTcapwidth=\dimen135
\LT@head=\box35
\LT@firsthead=\box36
\LT@foot=\box37
\LT@lastfoot=\box38
\LT@cols=\count136
\LT@rows=\count137
\c@LT@tables=\count138
\c@LT@chunks=\count139
\LT@p@ftn=\toks25
))
("C:\Program Files (x86)\MiKTeX 2.9\tex\latex\base\fontenc.sty"
Package: fontenc 2005/09/27 v1.99g Standard LaTeX package

("C:\Program Files (x86)\MiKTeX 2.9\tex\latex\cyrillic\t2aenc.def"
File: t2aenc.def 2005/09/27 v1.0i Cyrillic encoding definition file
LaTeX Font Info:    Redeclaring font encoding T2A on input line 42.
)
LaTeX Font Info:    Try loading font information for T2A+cmr on input line 105.


("C:\Program Files (x86)\MiKTeX 2.9\tex\latex\cyrillic\t2acmr.fd"
File: t2acmr.fd 2001/08/11 v1.0a Computer Modern Cyrillic font definitions
)<<t2a.cmap>>) ("C:\Program Files (x86)\MiKTeX 2.9\tex\latex\base\textcomp.sty"
Package: textcomp 2005/09/27 v1.99g Standard LaTeX package
Package textcomp Info: Sub-encoding information:
(textcomp)               5 = only ISO-Adobe without \textcurrency
(textcomp)               4 = 5 + \texteuro
(textcomp)               3 = 4 + \textohm
(textcomp)               2 = 3 + \textestimated + \textcurrency
(textcomp)               1 = TS1 - \textcircled - \t
(textcomp)               0 = TS1 (full)
(textcomp)             Font families with sub-encoding setting implement
(textcomp)             only a restricted character set as indicated.
(textcomp)             Family '?' is the default used for unknown fonts.
(textcomp)             See the documentation for details.
Package textcomp Info: Setting ? sub-encoding to TS1/1 on input line 79.

("C:\Program Files (x86)\MiKTeX 2.9\tex\latex\base\ts1enc.def"
File: ts1enc.def 2001/06/05 v3.0e (jk/car/fm) Standard LaTeX file
Now handling font encoding TS1 ...
... processing UTF-8 mapping file for font encoding TS1

("C:\Program Files (x86)\MiKTeX 2.9\tex\latex\base\ts1enc.dfu"
File: ts1enc.dfu 2015/09/07 v1.1p UTF-8 support for inputenc
   defining Unicode char U+00A2 (decimal 162)
   defining Unicode char U+00A3 (decimal 163)
   defining Unicode char U+00A4 (decimal 164)
   defining Unicode char U+00A5 (decimal 165)
   defining Unicode char U+00A6 (decimal 166)
   defining Unicode char U+00A7 (decimal 167)
   defining Unicode char U+00A8 (decimal 168)
   defining Unicode char U+00A9 (decimal 169)
   defining Unicode char U+00AA (decimal 170)
   defining Unicode char U+00AC (decimal 172)
   defining Unicode char U+00AE (decimal 174)
   defining Unicode char U+00AF (decimal 175)
   defining Unicode char U+00B0 (decimal 176)
   defining Unicode char U+00B1 (decimal 177)
   defining Unicode char U+00B2 (decimal 178)
   defining Unicode char U+00B3 (decimal 179)
   defining Unicode char U+00B4 (decimal 180)
   defining Unicode char U+00B5 (decimal 181)
   defining Unicode char U+00B6 (decimal 182)
   defining Unicode char U+00B7 (decimal 183)
   defining Unicode char U+00B9 (decimal 185)
   defining Unicode char U+00BA (decimal 186)
   defining Unicode char U+00BC (decimal 188)
   defining Unicode char U+00BD (decimal 189)
   defining Unicode char U+00BE (decimal 190)
   defining Unicode char U+00D7 (decimal 215)
   defining Unicode char U+00F7 (decimal 247)
   defining Unicode char U+0192 (decimal 402)
   defining Unicode char U+02C7 (decimal 711)
   defining Unicode char U+02D8 (decimal 728)
   defining Unicode char U+02DD (decimal 733)
   defining Unicode char U+0E3F (decimal 3647)
   defining Unicode char U+2016 (decimal 8214)
   defining Unicode char U+2020 (decimal 8224)
   defining Unicode char U+2021 (decimal 8225)
   defining Unicode char U+2022 (decimal 8226)
   defining Unicode char U+2030 (decimal 8240)
   defining Unicode char U+2031 (decimal 8241)
   defining Unicode char U+203B (decimal 8251)
   defining Unicode char U+203D (decimal 8253)
   defining Unicode char U+2044 (decimal 8260)
   defining Unicode char U+204E (decimal 8270)
   defining Unicode char U+2052 (decimal 8274)
   defining Unicode char U+20A1 (decimal 8353)
   defining Unicode char U+20A4 (decimal 8356)
   defining Unicode char U+20A6 (decimal 8358)
   defining Unicode char U+20A9 (decimal 8361)
   defining Unicode char U+20AB (decimal 8363)
   defining Unicode char U+20AC (decimal 8364)
   defining Unicode char U+20B1 (decimal 8369)
   defining Unicode char U+2103 (decimal 8451)
   defining Unicode char U+2116 (decimal 8470)
   defining Unicode char U+2117 (decimal 8471)
   defining Unicode char U+211E (decimal 8478)
   defining Unicode char U+2120 (decimal 8480)
   defining Unicode char U+2122 (decimal 8482)
   defining Unicode char U+2126 (decimal 8486)
   defining Unicode char U+2127 (decimal 8487)
   defining Unicode char U+212E (decimal 8494)
   defining Unicode char U+2190 (decimal 8592)
   defining Unicode char U+2191 (decimal 8593)
   defining Unicode char U+2192 (decimal 8594)
   defining Unicode char U+2193 (decimal 8595)
   defining Unicode char U+2329 (decimal 9001)
   defining Unicode char U+232A (decimal 9002)
   defining Unicode char U+2422 (decimal 9250)
   defining Unicode char U+25E6 (decimal 9702)
   defining Unicode char U+25EF (decimal 9711)
   defining Unicode char U+266A (decimal 9834)
))
LaTeX Info: Redefining \oldstylenums on input line 334.
Package textcomp Info: Setting cmr sub-encoding to TS1/0 on input line 349.
Package textcomp Info: Setting cmss sub-encoding to TS1/0 on input line 350.
Package textcomp Info: Setting cmtt sub-encoding to TS1/0 on input line 351.
Package textcomp Info: Setting cmvtt sub-encoding to TS1/0 on input line 352.
Package textcomp Info: Setting cmbr sub-encoding to TS1/0 on input line 353.
Package textcomp Info: Setting cmtl sub-encoding to TS1/0 on input line 354.
Package textcomp Info: Setting ccr sub-encoding to TS1/0 on input line 355.
Package textcomp Info: Setting ptm sub-encoding to TS1/4 on input line 356.
Package textcomp Info: Setting pcr sub-encoding to TS1/4 on input line 357.
Package textcomp Info: Setting phv sub-encoding to TS1/4 on input line 358.
Package textcomp Info: Setting ppl sub-encoding to TS1/3 on input line 359.
Package textcomp Info: Setting pag sub-encoding to TS1/4 on input line 360.
Package textcomp Info: Setting pbk sub-encoding to TS1/4 on input line 361.
Package textcomp Info: Setting pnc sub-encoding to TS1/4 on input line 362.
Package textcomp Info: Setting pzc sub-encoding to TS1/4 on input line 363.
Package textcomp Info: Setting bch sub-encoding to TS1/4 on input line 364.
Package textcomp Info: Setting put sub-encoding to TS1/5 on input line 365.
Package textcomp Info: Setting uag sub-encoding to TS1/5 on input line 366.
Package textcomp Info: Setting ugq sub-encoding to TS1/5 on input line 367.
Package textcomp Info: Setting ul8 sub-encoding to TS1/4 on input line 368.
Package textcomp Info: Setting ul9 sub-encoding to TS1/4 on input line 369.
Package textcomp Info: Setting augie sub-encoding to TS1/5 on input line 370.
Package textcomp Info: Setting dayrom sub-encoding to TS1/3 on input line 371.
Package textcomp Info: Setting dayroms sub-encoding to TS1/3 on input line 372.

Package textcomp Info: Setting pxr sub-encoding to TS1/0 on input line 373.
Package textcomp Info: Setting pxss sub-encoding to TS1/0 on input line 374.
Package textcomp Info: Setting pxtt sub-encoding to TS1/0 on input line 375.
Package textcomp Info: Setting txr sub-encoding to TS1/0 on input line 376.
Package textcomp Info: Setting txss sub-encoding to TS1/0 on input line 377.
Package textcomp Info: Setting txtt sub-encoding to TS1/0 on input line 378.
Package textcomp Info: Setting lmr sub-encoding to TS1/0 on input line 379.
Package textcomp Info: Setting lmdh sub-encoding to TS1/0 on input line 380.
Package textcomp Info: Setting lmss sub-encoding to TS1/0 on input line 381.
Package textcomp Info: Setting lmssq sub-encoding to TS1/0 on input line 382.
Package textcomp Info: Setting lmvtt sub-encoding to TS1/0 on input line 383.
Package textcomp Info: Setting lmtt sub-encoding to TS1/0 on input line 384.
Package textcomp Info: Setting qhv sub-encoding to TS1/0 on input line 385.
Package textcomp Info: Setting qag sub-encoding to TS1/0 on input line 386.
Package textcomp Info: Setting qbk sub-encoding to TS1/0 on input line 387.
Package textcomp Info: Setting qcr sub-encoding to TS1/0 on input line 388.
Package textcomp Info: Setting qcs sub-encoding to TS1/0 on input line 389.
Package textcomp Info: Setting qpl sub-encoding to TS1/0 on input line 390.
Package textcomp Info: Setting qtm sub-encoding to TS1/0 on input line 391.
Package textcomp Info: Setting qzc sub-encoding to TS1/0 on input line 392.
Package textcomp Info: Setting qhvc sub-encoding to TS1/0 on input line 393.
Package textcomp Info: Setting futs sub-encoding to TS1/4 on input line 394.
Package textcomp Info: Setting futx sub-encoding to TS1/4 on input line 395.
Package textcomp Info: Setting futj sub-encoding to TS1/4 on input line 396.
Package textcomp Info: Setting hlh sub-encoding to TS1/3 on input line 397.
Package textcomp Info: Setting hls sub-encoding to TS1/3 on input line 398.
Package textcomp Info: Setting hlst sub-encoding to TS1/3 on input line 399.
Package textcomp Info: Setting hlct sub-encoding to TS1/5 on input line 400.
Package textcomp Info: Setting hlx sub-encoding to TS1/5 on input line 401.
Package textcomp Info: Setting hlce sub-encoding to TS1/5 on input line 402.
Package textcomp Info: Setting hlcn sub-encoding to TS1/5 on input line 403.
Package textcomp Info: Setting hlcw sub-encoding to TS1/5 on input line 404.
Package textcomp Info: Setting hlcf sub-encoding to TS1/5 on input line 405.
Package textcomp Info: Setting pplx sub-encoding to TS1/3 on input line 406.
Package textcomp Info: Setting pplj sub-encoding to TS1/3 on input line 407.
Package textcomp Info: Setting ptmx sub-encoding to TS1/4 on input line 408.
Package textcomp Info: Setting ptmj sub-encoding to TS1/4 on input line 409.
)
("C:\Program Files (x86)\MiKTeX 2.9\tex\latex\amsfonts\amssymb.sty"
Package: amssymb 2013/01/14 v3.01 AMS font symbols

("C:\Program Files (x86)\MiKTeX 2.9\tex\latex\amsfonts\amsfonts.sty"
Package: amsfonts 2013/01/14 v3.01 Basic AMSFonts support
\symAMSa=\mathgroup4
\symAMSb=\mathgroup5
LaTeX Font Info:    Overwriting math alphabet `\mathfrak' in version `bold'
(Font)                  U/euf/m/n --> U/euf/b/n on input line 106.
))
("C:\Program Files (x86)\MiKTeX 2.9\tex\latex\t2\mathtext.sty"
Package: mathtext 1999/01/28 v1.0 transparent text-and-math defs
LaTeX Info: Redefining \halign on input line 111.
)
("C:\Program Files (x86)\MiKTeX 2.9\tex\latex\listings\listings.sty"
\lst@mode=\count140
\lst@gtempboxa=\box39
\lst@token=\toks26
\lst@length=\count141
\lst@currlwidth=\dimen136
\lst@column=\count142
\lst@pos=\count143
\lst@lostspace=\dimen137
\lst@width=\dimen138
\lst@newlines=\count144
\lst@lineno=\count145
\lst@maxwidth=\dimen139

("C:\Program Files (x86)\MiKTeX 2.9\tex\latex\listings\lstmisc.sty"
File: lstmisc.sty 2015/06/04 1.6 (Carsten Heinz)
\c@lstnumber=\count146
\lst@skipnumbers=\count147
\lst@framebox=\box40
)
("C:\Program Files (x86)\MiKTeX 2.9\tex\latex\listings\listings.cfg"
File: listings.cfg 2015/06/04 1.6 listings configuration
))
Package: listings 2015/06/04 1.6 (Carsten Heinz)

("C:\Program Files (x86)\MiKTeX 2.9\tex\latex\xcolor\xcolor.sty"
Package: xcolor 2007/01/21 v2.11 LaTeX color extensions (UK)

("C:\Program Files (x86)\MiKTeX 2.9\tex\latex\00miktex\color.cfg"
File: color.cfg 2007/01/18 v1.5 color configuration of teTeX/TeXLive
)
Package xcolor Info: Driver file: pdftex.def on input line 225.
Package xcolor Info: Model `cmy' substituted by `cmy0' on input line 1337.
Package xcolor Info: Model `hsb' substituted by `rgb' on input line 1341.
Package xcolor Info: Model `RGB' extended on input line 1353.
Package xcolor Info: Model `HTML' substituted by `rgb' on input line 1355.
Package xcolor Info: Model `Hsb' substituted by `hsb' on input line 1356.
Package xcolor Info: Model `tHsb' substituted by `hsb' on input line 1357.
Package xcolor Info: Model `HSB' substituted by `hsb' on input line 1358.
Package xcolor Info: Model `Gray' substituted by `gray' on input line 1359.
Package xcolor Info: Model `wave' substituted by `hsb' on input line 1360.
)
("C:\Program Files (x86)\MiKTeX 2.9\tex\latex\multirow\multirow.sty"
\bigstrutjot=\dimen140
)
(eskdlongtable.sty
Package: eskdlongtable 
) ("C:\Program Files (x86)\MiKTeX 2.9\tex\latex\url\url.sty"
\Urlmuskip=\muskip11
Package: url 2013/09/16  ver 3.4  Verb mode for urls, etc.
) ("C:\Program Files (x86)\MiKTeX 2.9\tex\latex\hyperref\hyperref.sty"
Package: hyperref 2012/11/06 v6.83m Hypertext links for LaTeX

("C:\Program Files (x86)\MiKTeX 2.9\tex\generic\oberdiek\hobsub-hyperref.sty"
Package: hobsub-hyperref 2012/04/25 v1.12 Bundle oberdiek, subset hyperref (HO)


("C:\Program Files (x86)\MiKTeX 2.9\tex\generic\oberdiek\hobsub-generic.sty"
Package: hobsub-generic 2012/04/25 v1.12 Bundle oberdiek, subset generic (HO)
Package: hobsub 2012/04/25 v1.12 Construct package bundles (HO)
Package hobsub Info: Skipping package `infwarerr' (already loaded).
Package hobsub Info: Skipping package `ltxcmds' (already loaded).
Package hobsub Info: Skipping package `ifluatex' (already loaded).
Package hobsub Info: Skipping package `ifvtex' (already loaded).
Package: intcalc 2007/09/27 v1.1 Expandable calculations with integers (HO)
Package hobsub Info: Skipping package `ifpdf' (already loaded).
Package hobsub Info: Skipping package `etexcmds' (already loaded).
Package hobsub Info: Skipping package `kvsetkeys' (already loaded).
Package hobsub Info: Skipping package `kvdefinekeys' (already loaded).
Package hobsub Info: Skipping package `pdftexcmds' (already loaded).
Package: pdfescape 2011/11/25 v1.13 Implements pdfTeX's escape features (HO)
Package: bigintcalc 2012/04/08 v1.3 Expandable calculations on big integers (HO
)
Package: bitset 2011/01/30 v1.1 Handle bit-vector datatype (HO)
Package: uniquecounter 2011/01/30 v1.2 Provide unlimited unique counter (HO)
)
Package hobsub Info: Skipping package `hobsub' (already loaded).
Package: letltxmacro 2010/09/02 v1.4 Let assignment for LaTeX macros (HO)
Package: hopatch 2011/06/24 v1.1 Wrapper for package hooks (HO)
Package: xcolor-patch 2011/01/30 xcolor patch
Package: atveryend 2011/06/30 v1.8 Hooks at the very end of document (HO)
Package atveryend Info: \enddocument detected (standard20110627).
Package hobsub Info: Skipping package `atbegshi' (already loaded).
Package: refcount 2011/10/16 v3.4 Data extraction from label references (HO)
Package: hycolor 2011/01/30 v1.7 Color options for hyperref/bookmark (HO)
)
("C:\Program Files (x86)\MiKTeX 2.9\tex\latex\oberdiek\kvoptions.sty"
Package: kvoptions 2011/06/30 v3.11 Key value format for package options (HO)
)
\@linkdim=\dimen141
\Hy@linkcounter=\count148
\Hy@pagecounter=\count149

("C:\Program Files (x86)\MiKTeX 2.9\tex\latex\hyperref\pd1enc.def"
File: pd1enc.def 2012/11/06 v6.83m Hyperref: PDFDocEncoding definition (HO)
\symPD1letters=\mathgroup6
)
\Hy@SavedSpaceFactor=\count150
Package hyperref Info: Option `unicode' set `true' on input line 3411.

("C:\Program Files (x86)\MiKTeX 2.9\tex\latex\hyperref\puenc.def"
File: puenc.def 2012/11/06 v6.83m Hyperref: PDF Unicode definition (HO)
\symPUletters=\mathgroup7
)
("C:\Program Files (x86)\MiKTeX 2.9\tex\latex\00miktex\hyperref.cfg"
File: hyperref.cfg 2002/06/06 v1.2 hyperref configuration of TeXLive
)
Package hyperref Info: Option `unicode' set `true' on input line 4319.
Package hyperref Info: Option `breaklinks' set `true' on input line 4319.
Package hyperref Info: Hyper figures OFF on input line 4443.
Package hyperref Info: Link nesting OFF on input line 4448.
Package hyperref Info: Hyper index ON on input line 4451.
Package hyperref Info: Plain pages OFF on input line 4458.
Package hyperref Info: Backreferencing OFF on input line 4463.
Package hyperref Info: Implicit mode ON; LaTeX internals redefined.
Package hyperref Info: Bookmarks ON on input line 4688.
\c@Hy@tempcnt=\count151
LaTeX Info: Redefining \url on input line 5041.
\XeTeXLinkMargin=\dimen142
\Fld@menulength=\count152
\Field@Width=\dimen143
\Fld@charsize=\dimen144
Package hyperref Info: Hyper figures OFF on input line 6295.
Package hyperref Info: Link nesting OFF on input line 6300.
Package hyperref Info: Hyper index ON on input line 6303.
Package hyperref Info: backreferencing OFF on input line 6310.
Package hyperref Info: Link coloring OFF on input line 6315.
Package hyperref Info: Link coloring with OCG OFF on input line 6320.
Package hyperref Info: PDF/A mode OFF on input line 6325.
LaTeX Info: Redefining \ref on input line 6365.
LaTeX Info: Redefining \pageref on input line 6369.
\Hy@abspage=\count153
\c@Item=\count154
\c@Hfootnote=\count155
)

Package hyperref Message: Driver (autodetected): hpdftex.

("C:\Program Files (x86)\MiKTeX 2.9\tex\latex\hyperref\hpdftex.def"
File: hpdftex.def 2012/11/06 v6.83m Hyperref driver for pdfTeX
\HyAnn@Count=\count156
\Fld@listcount=\count157
\c@bookmark@seq@number=\count158

("C:\Program Files (x86)\MiKTeX 2.9\tex\latex\oberdiek\rerunfilecheck.sty"
Package: rerunfilecheck 2011/04/15 v1.7 Rerun checks for auxiliary files (HO)
Package uniquecounter Info: New unique counter `rerunfilecheck' on input line 2
82.
)
\Hy@SectionHShift=\skip89
)
After Package Info: Apply commands to hyperref on input line 44
Package hyperref Info: Option `breaklinks' set `true' on input line 44.

("C:\Program Files (x86)\MiKTeX 2.9\tex\latex\breakurl\breakurl.sty"
Package: breakurl 2013/04/10 v1.40 Breakable hyperref URLs

("C:\Program Files (x86)\MiKTeX 2.9\tex\latex\xkeyval\xkeyval.sty"
Package: xkeyval 2014/12/03 v2.7a package option processing (HA)

("C:\Program Files (x86)\MiKTeX 2.9\tex\generic\xkeyval\xkeyval.tex"
("C:\Program Files (x86)\MiKTeX 2.9\tex\generic\xkeyval\xkvutils.tex"
\XKV@toks=\toks27
\XKV@tempa@toks=\toks28
)
\XKV@depth=\count159
File: xkeyval.tex 2014/12/03 v2.7a key=value parser (HA)
))

Package breakurl Warning: You are using breakurl while processing via pdflatex.

(breakurl)                \burl will be just a synonym of \url.
(breakurl)                 on input line 48.

) ("C:\Program Files (x86)\MiKTeX 2.9\tex\latex\tools\verbatim.sty"
Package: verbatim 2014/10/28 v1.5q LaTeX2e package for verbatim enhancements
\every@verbatim=\toks29
\verbatim@line=\toks30
\verbatim@in@stream=\read1
)
("C:\Program Files (x86)\MiKTeX 2.9\tex\latex\tools\xspace.sty"
Package: xspace 2014/10/28 v1.13 Space after command names (DPC,MH)
)
("C:\Program Files (x86)\MiKTeX 2.9\tex\latex\enumitem\enumitem.sty"
Package: enumitem 2011/09/28 v3.5.2 Customized lists
\labelindent=\skip90
\enit@outerparindent=\dimen145
\enit@toks=\toks31
\enit@inbox=\box41
\enitdp@description=\count160
)
(ИЯДС.466226.001И3.aux)
\openout1 = `ИЯДС.466226.001И3.aux'.

LaTeX Font Info:    Checking defaults for OML/cmm/m/it on input line 102.
LaTeX Font Info:    ... okay on input line 102.
LaTeX Font Info:    Checking defaults for T1/cmr/m/n on input line 102.
LaTeX Font Info:    ... okay on input line 102.
LaTeX Font Info:    Checking defaults for OT1/cmr/m/n on input line 102.
LaTeX Font Info:    ... okay on input line 102.
LaTeX Font Info:    Checking defaults for OMS/cmsy/m/n on input line 102.
LaTeX Font Info:    ... okay on input line 102.
LaTeX Font Info:    Checking defaults for OMX/cmex/m/n on input line 102.
LaTeX Font Info:    ... okay on input line 102.
LaTeX Font Info:    Checking defaults for U/cmr/m/n on input line 102.
LaTeX Font Info:    ... okay on input line 102.
LaTeX Font Info:    Checking defaults for T2A/cmr/m/n on input line 102.
LaTeX Font Info:    ... okay on input line 102.
LaTeX Font Info:    Checking defaults for TS1/cmr/m/n on input line 102.
LaTeX Font Info:    Try loading font information for TS1+cmr on input line 102.


("C:\Program Files (x86)\MiKTeX 2.9\tex\latex\base\ts1cmr.fd"
File: ts1cmr.fd 2014/09/29 v2.5h Standard LaTeX font definitions
)
LaTeX Font Info:    ... okay on input line 102.
LaTeX Font Info:    Checking defaults for PD1/pdf/m/n on input line 102.
LaTeX Font Info:    ... okay on input line 102.
LaTeX Font Info:    Checking defaults for PU/pdf/m/n on input line 102.
LaTeX Font Info:    ... okay on input line 102.

*geometry* driver: auto-detecting
*geometry* detected driver: pdftex
*geometry* verbose mode - [ preamble ] result:
* driver: pdftex
* paper: a4paper
* layout: <same size as paper>
* layoutoffset:(h,v)=(0.0pt,0.0pt)
* modes: 
* h-part:(L,W,R)=(65.44131pt, 509.30438pt, 22.76218pt)
* v-part:(T,H,B)=(42.67911pt, 759.68863pt, 42.67911pt)
* \paperwidth=597.50787pt
* \paperheight=845.04684pt
* \textwidth=509.30438pt
* \textheight=717.0095pt
* \oddsidemargin=-6.82867pt
* \evensidemargin=-6.82867pt
* \topmargin=-29.59088pt
* \headheight=0.0pt
* \headsep=0.0pt
* \topskip=14.0pt
* \footskip=0.0pt
* \marginparwidth=24.0pt
* \marginparsep=10.0pt
* \columnsep=10.0pt
* \skip\footins=12.0pt plus 4.0pt minus 2.0pt
* \hoffset=0.0pt
* \voffset=0.0pt
* \mag=1000
* \@twocolumnfalse
* \@twosidefalse
* \@mparswitchfalse
* \@reversemarginfalse
* (1in=72.27pt=25.4mm, 1cm=28.453pt)

Package lastpage Info: Please have a look at the pageslts package at
(lastpage)             https://www.ctan.org/pkg/pageslts
(lastpage)             ! on input line 102.
("C:\Program Files (x86)\MiKTeX 2.9\tex\context\base\supp-pdf.mkii"
[Loading MPS to PDF converter (version 2006.09.02).]
\scratchcounter=\count161
\scratchdimen=\dimen146
\scratchbox=\box42
\nofMPsegments=\count162
\nofMParguments=\count163
\everyMPshowfont=\toks32
\MPscratchCnt=\count164
\MPscratchDim=\dimen147
\MPnumerator=\count165
\makeMPintoPDFobject=\count166
\everyMPtoPDFconversion=\toks33
)

LaTeX Font Warning: Font shape `T2A/cmr/m/n' in size <20> not available
(Font)              size <20.74> substituted on input line 102.


LaTeX Font Warning: Font shape `T2A/cmr/m/sl' in size <20> not available
(Font)              size <20.74> substituted on input line 102.


LaTeX Font Warning: Font shape `T2A/cmr/m/n' in size <16> not available
(Font)              size <17.28> substituted on input line 102.


LaTeX Font Warning: Font shape `T2A/cmr/m/sl' in size <16> not available
(Font)              size <17.28> substituted on input line 102.

ABD: EveryShipout initializing macros
Package caption Info: Begin \AtBeginDocument code.
Package caption Info: hyperref package is loaded.
Package caption Info: listings package is loaded.
Package caption Info: longtable package is loaded.

("C:\Program Files (x86)\MiKTeX 2.9\tex\latex\caption\ltcaption.sty"
Package: ltcaption 2013/06/09 v1.4-94 longtable captions (AR)
)
Package caption Info: End \AtBeginDocument code.
\AtBeginShipoutBox=\box43
\c@lstlisting=\count167
Package hyperref Info: Link coloring OFF on input line 102.

("C:\Program Files (x86)\MiKTeX 2.9\tex\latex\hyperref\nameref.sty"
Package: nameref 2012/10/27 v2.43 Cross-referencing by name of section

("C:\Program Files (x86)\MiKTeX 2.9\tex\generic\oberdiek\gettitlestring.sty"
Package: gettitlestring 2010/12/03 v1.4 Cleanup title references (HO)
)
\c@section@level=\count168
)
LaTeX Info: Redefining \ref on input line 102.
LaTeX Info: Redefining \pageref on input line 102.
LaTeX Info: Redefining \nameref on input line 102.

(ИЯДС.466226.001И3.out) (ИЯДС.466226.001И3.out)
\@outlinefile=\write3
\openout3 = `ИЯДС.466226.001И3.out'.



LaTeX Font Warning: Font shape `T2A/cmr/bx/sl' in size <16> not available
(Font)              size <17.28> substituted on input line 114.

<<ot1.cmap>><<oml.cmap>><<oms.cmap>><<omx.cmap>>
LaTeX Font Info:    Try loading font information for U+msa on input line 114.

("C:\Program Files (x86)\MiKTeX 2.9\tex\latex\amsfonts\umsa.fd"
File: umsa.fd 2013/01/14 v3.01 AMS symbols A
)
LaTeX Font Info:    Try loading font information for U+msb on input line 114.

("C:\Program Files (x86)\MiKTeX 2.9\tex\latex\amsfonts\umsb.fd"
File: umsb.fd 2013/01/14 v3.01 AMS symbols B
)
LaTeX Font Info:    Try loading font information for PD1+cmr on input line 114.

LaTeX Font Info:    No file PD1cmr.fd. on input line 114.


LaTeX Font Warning: Font shape `PD1/cmr/m/n' undefined
(Font)              using `PD1/pdf/m/n' instead on input line 114.

LaTeX Font Info:    Try loading font information for PU+cmr on input line 114.
LaTeX Font Info:    No file PUcmr.fd. on input line 114.

LaTeX Font Warning: Font shape `PU/cmr/m/n' undefined
(Font)              using `PU/pdf/m/n' instead on input line 114.

Package babel Info: Redefining russian shorthand "|
(babel)             in language  on input line 114.
Package babel Info: Redefining russian shorthand "~
(babel)             in language  on input line 114.
Package babel Info: Redefining russian shorthand "|
(babel)             in language  on input line 114.
Package babel Info: Redefining russian shorthand "~
(babel)             in language  on input line 114.
[1{C:/Users/yurtaev/AppData/Local/MiKTeX/2.9/pdftex/config/pdftex.map}

]
(general_statements.tex
Package babel Info: Redefining russian shorthand "|
(babel)             in language  on input line 3.
Package babel Info: Redefining russian shorthand "~
(babel)             in language  on input line 3.
)
Package babel Info: Redefining russian shorthand "|
(babel)             in language  on input line 118.
Package babel Info: Redefining russian shorthand "~
(babel)             in language  on input line 118.
Package babel Info: Redefining russian shorthand "|
(babel)             in language  on input line 118.
Package babel Info: Redefining russian shorthand "~
(babel)             in language  on input line 118.
 [2



] (documents.tex
Package babel Info: Redefining russian shorthand "|
(babel)             in language  on input line 3.
Package babel Info: Redefining russian shorthand "~
(babel)             in language  on input line 3.

Underfull \hbox (badness 10000) in paragraph at lines 9--10
[]\T2A/cmr/m/n/14.4  --- ---- - -3U-3
 []


Underfull \hbox (badness 10000) in paragraph at lines 11--12
[]\T2A/cmr/m/n/14.4  --- -- - -3U-3
 []


Underfull \hbox (badness 1748) in paragraph at lines 12--13
[]\T2A/cmr/m/n/14.4  --- ---- - --
- ---
 []

)
Package babel Info: Redefining russian shorthand "|
(babel)             in language  on input line 122.
Package babel Info: Redefining russian shorthand "~
(babel)             in language  on input line 122.
Package babel Info: Redefining russian shorthand "|
(babel)             in language  on input line 122.
Package babel Info: Redefining russian shorthand "~
(babel)             in language  on input line 122.
 [3] (equipment.tex
Package babel Info: Redefining russian shorthand "|
(babel)             in language  on input line 1.
Package babel Info: Redefining russian shorthand "~
(babel)             in language  on input line 1.

Overfull \hbox (6.52104pt too wide) in alignment at lines 18--24
 [] [] [] [] 
 []


Overfull \hbox (6.52104pt too wide) in alignment at lines 24--28
 [] [] [] [] 
 []


Overfull \hbox (6.52104pt too wide) in alignment at lines 28--31
 [] [] [] [] 
 []


Overfull \hbox (6.52104pt too wide) in alignment at lines 31--32
 [] [] [] [] 
 []


Underfull \hbox (badness 10000) in paragraph at lines 35--35
[]|\T2A/cmr/m/n/14.4 
 []


Underfull \hbox (badness 10000) in paragraph at lines 35--35
\T2A/cmr/m/n/14.4 - -3U-3,
 []


Underfull \hbox (badness 10000) in paragraph at lines 40--40
[]|\T2A/cmr/m/n/14.4 
 []


Underfull \hbox (badness 10000) in paragraph at lines 69--69
[]|\T2A/cmr/m/n/14.4 
 []


Overfull \hbox (6.52104pt too wide) in alignment at lines 32--79
 [] [] [] [] 
 []

Package babel Info: Redefining russian shorthand "|
(babel)             in language  on input line 79.
Package babel Info: Redefining russian shorthand "~
(babel)             in language  on input line 79.
Package babel Info: Redefining russian shorthand "|
(babel)             in language  on input line 79.
Package babel Info: Redefining russian shorthand "~
(babel)             in language  on input line 79.
[4])
Package babel Info: Redefining russian shorthand "|
(babel)             in language  on input line 125.
Package babel Info: Redefining russian shorthand "~
(babel)             in language  on input line 125.
Package babel Info: Redefining russian shorthand "|
(babel)             in language  on input line 125.
Package babel Info: Redefining russian shorthand "~
(babel)             in language  on input line 125.
 [5] (safety_requirements.tex
Package babel Info: Redefining russian shorthand "|
(babel)             in language  on input line 3.
Package babel Info: Redefining russian shorthand "~
(babel)             in language  on input line 3.
) (working_conditions.tex
Package babel Info: Redefining russian shorthand "|
(babel)             in language  on input line 3.
Package babel Info: Redefining russian shorthand "~
(babel)             in language  on input line 3.
)
Package babel Info: Redefining russian shorthand "|
(babel)             in language  on input line 132.
Package babel Info: Redefining russian shorthand "~
(babel)             in language  on input line 132.
Package babel Info: Redefining russian shorthand "|
(babel)             in language  on input line 132.
Package babel Info: Redefining russian shorthand "~
(babel)             in language  on input line 132.
 [6]
(operation_methods.tex
Package babel Info: Redefining russian shorthand "|
(babel)             in language  on input line 1.
Package babel Info: Redefining russian shorthand "~
(babel)             in language  on input line 1.
 (table_test_r.tex
Overfull \hbox (1.0805pt too wide) in paragraph at lines 15--15
 []|\T2A/cmr/m/n/14.4  
 []


Overfull \hbox (6.02834pt too wide) in paragraph at lines 15--15
 []|\T2A/cmr/m/n/14.4  
 []


Overfull \hbox (1.0805pt too wide) in paragraph at lines 19--19
 []|\T2A/cmr/m/n/14.4  
 []


Overfull \hbox (6.02834pt too wide) in paragraph at lines 19--19
 []|\T2A/cmr/m/n/14.4  
 []

Package babel Info: Redefining russian shorthand "|
(babel)             in language  on input line 105.
Package babel Info: Redefining russian shorthand "~
(babel)             in language  on input line 105.
Package babel Info: Redefining russian shorthand "|
(babel)             in language  on input line 105.
Package babel Info: Redefining russian shorthand "~
(babel)             in language  on input line 105.
[7])
Package babel Info: Redefining russian shorthand "|
(babel)             in language  on input line 37.
Package babel Info: Redefining russian shorthand "~
(babel)             in language  on input line 37.
Package babel Info: Redefining russian shorthand "|
(babel)             in language  on input line 37.
Package babel Info: Redefining russian shorthand "~
(babel)             in language  on input line 37.
 [8]
Package babel Info: Redefining russian shorthand "|
(babel)             in language  on input line 82.
Package babel Info: Redefining russian shorthand "~
(babel)             in language  on input line 82.
Package babel Info: Redefining russian shorthand "|
(babel)             in language  on input line 82.
Package babel Info: Redefining russian shorthand "~
(babel)             in language  on input line 82.
 [9] (table_test_v.tex
Overfull \hbox (1.8483pt too wide) in paragraph at lines 64--64
 []|\T2A/cmr/m/n/14.4 DDR3_VREF| 
 []


Overfull \hbox (2.03609pt too wide) in paragraph at lines 71--71
 []|\T2A/cmr/m/n/14.4 +1.8V_CPLD| 
 []

Package babel Info: Redefining russian shorthand "|
(babel)             in language  on input line 77.
Package babel Info: Redefining russian shorthand "~
(babel)             in language  on input line 77.
Package babel Info: Redefining russian shorthand "|
(babel)             in language  on input line 77.
Package babel Info: Redefining russian shorthand "~
(babel)             in language  on input line 77.
[10]) (table_power_jumper_points.tex)
Package babel Info: Redefining russian shorthand "|
(babel)             in language  on input line 104.
Package babel Info: Redefining russian shorthand "~
(babel)             in language  on input line 104.
Package babel Info: Redefining russian shorthand "|
(babel)             in language  on input line 104.
Package babel Info: Redefining russian shorthand "~
(babel)             in language  on input line 104.
 [11]
Package babel Info: Redefining russian shorthand "|
(babel)             in language  on input line 200.
Package babel Info: Redefining russian shorthand "~
(babel)             in language  on input line 200.
Package babel Info: Redefining russian shorthand "|
(babel)             in language  on input line 200.
Package babel Info: Redefining russian shorthand "~
(babel)             in language  on input line 200.
 [12]
Package babel Info: Redefining russian shorthand "|
(babel)             in language  on input line 220.
Package babel Info: Redefining russian shorthand "~
(babel)             in language  on input line 220.
Package babel Info: Redefining russian shorthand "|
(babel)             in language  on input line 220.
Package babel Info: Redefining russian shorthand "~
(babel)             in language  on input line 220.
 [13])
Package babel Info: Redefining russian shorthand "|
(babel)             in language  on input line 135.
Package babel Info: Redefining russian shorthand "~
(babel)             in language  on input line 135.
Package babel Info: Redefining russian shorthand "|
(babel)             in language  on input line 135.
Package babel Info: Redefining russian shorthand "~
(babel)             in language  on input line 135.
 [14]
(failure_simptoms_reasons.tex
Package babel Info: Redefining russian shorthand "|
(babel)             in language  on input line 3.
Package babel Info: Redefining russian shorthand "~
(babel)             in language  on input line 3.
Package babel Info: Redefining russian shorthand "|
(babel)             in language  on input line 31.
Package babel Info: Redefining russian shorthand "~
(babel)             in language  on input line 31.
Package babel Info: Redefining russian shorthand "|
(babel)             in language  on input line 31.
Package babel Info: Redefining russian shorthand "~
(babel)             in language  on input line 31.
 [15]
Package babel Info: Redefining russian shorthand "|
(babel)             in language  on input line 61.
Package babel Info: Redefining russian shorthand "~
(babel)             in language  on input line 61.
Package babel Info: Redefining russian shorthand "|
(babel)             in language  on input line 61.
Package babel Info: Redefining russian shorthand "~
(babel)             in language  on input line 61.
 [16]
Package babel Info: Redefining russian shorthand "|
(babel)             in language  on input line 98.
Package babel Info: Redefining russian shorthand "~
(babel)             in language  on input line 98.
Package babel Info: Redefining russian shorthand "|
(babel)             in language  on input line 98.
Package babel Info: Redefining russian shorthand "~
(babel)             in language  on input line 98.
 [17]
Underfull \hbox (badness 1824) in paragraph at lines 114--115
[]\T2A/cmr/m/n/14.4 7.8  \T2A/cmr/bx/n/14.4 -  --- - <<
-- -- 
 []

Package babel Info: Redefining russian shorthand "|
(babel)             in language  on input line 132.
Package babel Info: Redefining russian shorthand "~
(babel)             in language  on input line 132.
Package babel Info: Redefining russian shorthand "|
(babel)             in language  on input line 132.
Package babel Info: Redefining russian shorthand "~
(babel)             in language  on input line 132.
[18]
Underfull \hbox (badness 2150) in paragraph at lines 145--147
[]\T2A/cmr/m/n/14.4 7.10.1  -- ------ --- <<
 ---
 []


Underfull \hbox (badness 2150) in paragraph at lines 160--162
[]\T2A/cmr/m/n/14.4 7.11.1  -- ------ --- <<
 ---
 []

Package babel Info: Redefining russian shorthand "|
(babel)             in language  on input line 163.
Package babel Info: Redefining russian shorthand "~
(babel)             in language  on input line 163.
Package babel Info: Redefining russian shorthand "|
(babel)             in language  on input line 163.
Package babel Info: Redefining russian shorthand "~
(babel)             in language  on input line 163.
[19]
Underfull \hbox (badness 2150) in paragraph at lines 177--179
[]\T2A/cmr/m/n/14.4 7.12.1  -- ------ --- <<
 ---
 []


Underfull \hbox (badness 2150) in paragraph at lines 195--197
[]\T2A/cmr/m/n/14.4 7.13.1  -- ------ --- <<
 ---
 []

Package babel Info: Redefining russian shorthand "|
(babel)             in language  on input line 198.
Package babel Info: Redefining russian shorthand "~
(babel)             in language  on input line 198.
Package babel Info: Redefining russian shorthand "|
(babel)             in language  on input line 198.
Package babel Info: Redefining russian shorthand "~
(babel)             in language  on input line 198.
[20]
Underfull \hbox (badness 2150) in paragraph at lines 213--214
[]\T2A/cmr/m/n/14.4 7.14.1  -- ------ --- <<
 ---
 []

(table_88E1111_sgmii_R.tex
Overfull \hbox (5.02309pt too wide) in paragraph at lines 14--14
 []|\T2A/cmr/m/n/14.4  
 []


Overfull \hbox (3.67516pt too wide) in alignment at lines 10--15
 [] [] [] [] 
 []


Overfull \hbox (5.02309pt too wide) in paragraph at lines 18--18
 []|\T2A/cmr/m/n/14.4  
 []


Overfull \hbox (3.67516pt too wide) in alignment at lines 15--19
 [] [] [] [] 
 []


Overfull \hbox (3.67516pt too wide) in alignment at lines 19--22
 [] [] [] [] 
 []


Overfull \hbox (3.67516pt too wide) in alignment at lines 22--23
 [] [] [] [] 
 []


Overfull \hbox (3.67516pt too wide) in alignment at lines 23--45
 [] [] [] [] 
 []

Package babel Info: Redefining russian shorthand "|
(babel)             in language  on input line 45.
Package babel Info: Redefining russian shorthand "~
(babel)             in language  on input line 45.
Package babel Info: Redefining russian shorthand "|
(babel)             in language  on input line 45.
Package babel Info: Redefining russian shorthand "~
(babel)             in language  on input line 45.
[21])
Underfull \hbox (badness 3460) in paragraph at lines 226--227
[]\T2A/cmr/m/n/14.4  (- --) - - ---
 DD10
 []


Underfull \hbox (badness 3635) in paragraph at lines 227--228
[]\T2A/cmr/m/n/14.4  (- --) - - ---
 DD12
 []


Underfull \hbox (badness 10000) in paragraph at lines 228--229
[]\T2A/cmr/m/n/14.4  -- ----  -
 []

Package babel Info: Redefining russian shorthand "|
(babel)             in language  on input line 230.
Package babel Info: Redefining russian shorthand "~
(babel)             in language  on input line 230.
Package babel Info: Redefining russian shorthand "|
(babel)             in language  on input line 230.
Package babel Info: Redefining russian shorthand "~
(babel)             in language  on input line 230.
[22]
Underfull \hbox (badness 2150) in paragraph at lines 239--240
[]\T2A/cmr/m/n/14.4 7.15.1  -- ------ --- <<
 ---
 []


Underfull \hbox (badness 3460) in paragraph at lines 250--251
[]\T2A/cmr/m/n/14.4  (- --) - - ---
 DD11
 []


Underfull \hbox (badness 3635) in paragraph at lines 251--252
[]\T2A/cmr/m/n/14.4  (- --) - - ---
 DD12
 []


Underfull \hbox (badness 10000) in paragraph at lines 252--253
[]\T2A/cmr/m/n/14.4  -- ----  -
 []


Underfull \hbox (badness 2150) in paragraph at lines 263--264
[]\T2A/cmr/m/n/14.4 7.16.1  -- ------ --- <<
 ---
 []

Package babel Info: Redefining russian shorthand "|
(babel)             in language  on input line 265.
Package babel Info: Redefining russian shorthand "~
(babel)             in language  on input line 265.
Package babel Info: Redefining russian shorthand "|
(babel)             in language  on input line 265.
Package babel Info: Redefining russian shorthand "~
(babel)             in language  on input line 265.
[23]
Underfull \hbox (badness 3460) in paragraph at lines 274--275
[]\T2A/cmr/m/n/14.4  (- --) - - ---
 DD12
 []


Underfull \hbox (badness 3635) in paragraph at lines 275--276
[]\T2A/cmr/m/n/14.4  (- --) - - ---
 DD12
 []


Underfull \hbox (badness 10000) in paragraph at lines 276--277
[]\T2A/cmr/m/n/14.4  -- ----  -
 []


Underfull \hbox (badness 10000) in paragraph at lines 287--289
[]\T2A/cmr/m/n/14.4 7.17  \T2A/cmr/bx/n/14.4 -  --- - <
<-- -
 []


Underfull \hbox (badness 2150) in paragraph at lines 289--291
[]\T2A/cmr/m/n/14.4 7.17.1  -- ------ --- <<
 ---
 []

Package babel Info: Redefining russian shorthand "|
(babel)             in language  on input line 293.
Package babel Info: Redefining russian shorthand "~
(babel)             in language  on input line 293.
Package babel Info: Redefining russian shorthand "|
(babel)             in language  on input line 293.
Package babel Info: Redefining russian shorthand "~
(babel)             in language  on input line 293.
[24]
Underfull \hbox (badness 10000) in paragraph at lines 307--308
[]\T2A/cmr/m/n/14.4 7.18  \T2A/cmr/bx/n/14.4 -  --- - <
<-- -
 []


Underfull \hbox (badness 2150) in paragraph at lines 308--310
[]\T2A/cmr/m/n/14.4 7.18.1  -- ------ --- <<
 ---
 []


Underfull \hbox (badness 10000) in paragraph at lines 327--329
[]\T2A/cmr/m/n/14.4 7.19  \T2A/cmr/bx/n/14.4 -  --- - <
<-- -
 []


Underfull \hbox (badness 2150) in paragraph at lines 329--331
[]\T2A/cmr/m/n/14.4 7.19.1  -- ------ --- <<
 ---
 []

Package babel Info: Redefining russian shorthand "|
(babel)             in language  on input line 331.
Package babel Info: Redefining russian shorthand "~
(babel)             in language  on input line 331.
Package babel Info: Redefining russian shorthand "|
(babel)             in language  on input line 331.
Package babel Info: Redefining russian shorthand "~
(babel)             in language  on input line 331.
[25]
Underfull \hbox (badness 10000) in paragraph at lines 348--349
[]\T2A/cmr/m/n/14.4 7.20  \T2A/cmr/bx/n/14.4 -  --- - <
<-- -
 []


Underfull \hbox (badness 2150) in paragraph at lines 349--351
[]\T2A/cmr/m/n/14.4 7.20.1  -- ------ --- <<
 ---
 []

Package babel Info: Redefining russian shorthand "|
(babel)             in language  on input line 361.
Package babel Info: Redefining russian shorthand "~
(babel)             in language  on input line 361.
Package babel Info: Redefining russian shorthand "|
(babel)             in language  on input line 361.
Package babel Info: Redefining russian shorthand "~
(babel)             in language  on input line 361.
[26]
Underfull \hbox (badness 10000) in paragraph at lines 367--368
[]\T2A/cmr/m/n/14.4 7.21  \T2A/cmr/bx/n/14.4 -  --- - <
<-- -
 []


Underfull \hbox (badness 10000) in paragraph at lines 389--390
[]\T2A/cmr/m/n/14.4 7.22  \T2A/cmr/bx/n/14.4 -  --- - <
<-- -
 []

Package babel Info: Redefining russian shorthand "|
(babel)             in language  on input line 394.
Package babel Info: Redefining russian shorthand "~
(babel)             in language  on input line 394.
Package babel Info: Redefining russian shorthand "|
(babel)             in language  on input line 394.
Package babel Info: Redefining russian shorthand "~
(babel)             in language  on input line 394.
[27]
Package babel Info: Redefining russian shorthand "|
(babel)             in language  on input line 428.
Package babel Info: Redefining russian shorthand "~
(babel)             in language  on input line 428.
Package babel Info: Redefining russian shorthand "|
(babel)             in language  on input line 428.
Package babel Info: Redefining russian shorthand "~
(babel)             in language  on input line 428.
 [28]
Underfull \hbox (badness 10000) in paragraph at lines 453--454
[]\T2A/cmr/m/n/14.4 7.25  \T2A/cmr/bx/n/14.4 -  --- - <
< 0/-.
 []

Package babel Info: Redefining russian shorthand "|
(babel)             in language  on input line 466.
Package babel Info: Redefining russian shorthand "~
(babel)             in language  on input line 466.
Package babel Info: Redefining russian shorthand "|
(babel)             in language  on input line 466.
Package babel Info: Redefining russian shorthand "~
(babel)             in language  on input line 466.
[29]
Underfull \hbox (badness 10000) in paragraph at lines 477--478
[]\T2A/cmr/m/n/14.4 7.26  \T2A/cmr/bx/n/14.4 -  --- - <
< 0/-.
 []

Package babel Info: Redefining russian shorthand "|
(babel)             in language  on input line 495.
Package babel Info: Redefining russian shorthand "~
(babel)             in language  on input line 495.
Package babel Info: Redefining russian shorthand "|
(babel)             in language  on input line 495.
Package babel Info: Redefining russian shorthand "~
(babel)             in language  on input line 495.
[30]
Underfull \hbox (badness 10000) in paragraph at lines 512--513
[]\T2A/cmr/m/n/14.4 7.27  \T2A/cmr/bx/n/14.4 -  --- - <
< 27/-.
 []

Package babel Info: Redefining russian shorthand "|
(babel)             in language  on input line 530.
Package babel Info: Redefining russian shorthand "~
(babel)             in language  on input line 530.
Package babel Info: Redefining russian shorthand "|
(babel)             in language  on input line 530.
Package babel Info: Redefining russian shorthand "~
(babel)             in language  on input line 530.
[31]
Package babel Info: Redefining russian shorthand "|
(babel)             in language  on input line 564.
Package babel Info: Redefining russian shorthand "~
(babel)             in language  on input line 564.
Package babel Info: Redefining russian shorthand "|
(babel)             in language  on input line 564.
Package babel Info: Redefining russian shorthand "~
(babel)             in language  on input line 564.
 [32]
Package babel Info: Redefining russian shorthand "|
(babel)             in language  on input line 600.
Package babel Info: Redefining russian shorthand "~
(babel)             in language  on input line 600.
Package babel Info: Redefining russian shorthand "|
(babel)             in language  on input line 600.
Package babel Info: Redefining russian shorthand "~
(babel)             in language  on input line 600.
 [33]
Package babel Info: Redefining russian shorthand "|
(babel)             in language  on input line 652.
Package babel Info: Redefining russian shorthand "~
(babel)             in language  on input line 652.
Package babel Info: Redefining russian shorthand "|
(babel)             in language  on input line 652.
Package babel Info: Redefining russian shorthand "~
(babel)             in language  on input line 652.
 [34]
Package babel Info: Redefining russian shorthand "|
(babel)             in language  on input line 694.
Package babel Info: Redefining russian shorthand "~
(babel)             in language  on input line 694.
Package babel Info: Redefining russian shorthand "|
(babel)             in language  on input line 694.
Package babel Info: Redefining russian shorthand "~
(babel)             in language  on input line 694.
 [35]
Underfull \hbox (badness 1540) in paragraph at lines 711--713
\T2A/cmr/m/n/14.4 - -- DS_LV[*],  - DD26  -- -
-- (.
 []

Package babel Info: Redefining russian shorthand "|
(babel)             in language  on input line 730.
Package babel Info: Redefining russian shorthand "~
(babel)             in language  on input line 730.
Package babel Info: Redefining russian shorthand "|
(babel)             in language  on input line 730.
Package babel Info: Redefining russian shorthand "~
(babel)             in language  on input line 730.
[36]
Underfull \hbox (badness 10000) in paragraph at lines 745--746
[]\T2A/cmr/m/n/14.4 7.33  \T2A/cmr/bx/n/14.4 -  --- - <
<-- XMC,
 []


Underfull \hbox (badness 10000) in paragraph at lines 745--746
\T2A/cmr/bx/n/14.4 --. ---->> (<<--- --
 XMC.
 []


Underfull \hbox (badness 2443) in paragraph at lines 746--748
[]\T2A/cmr/m/n/14.4 7.33.1  - - --   - --
- -
 []


Underfull \hbox (badness 8113) in paragraph at lines 746--748
\T2A/cmr/m/n/14.4 - --- ---- -- ----
 ---- (.
 []


Underfull \hbox (badness 10000) in paragraph at lines 751--752
[]\T2A/cmr/m/n/14.4 : MRSTO_BUF#, MPRESENT_BUF#, MBIST_BUF#,
 []


Overfull \hbox (9.6787pt too wide) in paragraph at lines 753--754
[]\T2A/cmr/m/n/14.4  ---- -- ---- --
: JN-C[8]..JN-C[11],
 []

Package babel Info: Redefining russian shorthand "|
(babel)             in language  on input line 768.
Package babel Info: Redefining russian shorthand "~
(babel)             in language  on input line 768.
Package babel Info: Redefining russian shorthand "|
(babel)             in language  on input line 768.
Package babel Info: Redefining russian shorthand "~
(babel)             in language  on input line 768.
[37]
Overfull \hbox (5.50658pt too wide) in paragraph at lines 769--770
[]\T2A/cmr/m/n/14.4  -- JN-F[9] ----  -3U-3 MPRES
ENT_BUF#; 
 []

Package babel Info: Redefining russian shorthand "|
(babel)             in language  on input line 803.
Package babel Info: Redefining russian shorthand "~
(babel)             in language  on input line 803.
Package babel Info: Redefining russian shorthand "|
(babel)             in language  on input line 803.
Package babel Info: Redefining russian shorthand "~
(babel)             in language  on input line 803.
[38]
Underfull \hbox (badness 1688) in paragraph at lines 836--837
\T2A/cmr/m/n/14.4 - GAP#, SYS_CON,  - DD23  -- --
- (.
 []

Package babel Info: Redefining russian shorthand "|
(babel)             in language  on input line 844.
Package babel Info: Redefining russian shorthand "~
(babel)             in language  on input line 844.
Package babel Info: Redefining russian shorthand "|
(babel)             in language  on input line 844.
Package babel Info: Redefining russian shorthand "~
(babel)             in language  on input line 844.
[39]
Package babel Info: Redefining russian shorthand "|
(babel)             in language  on input line 898.
Package babel Info: Redefining russian shorthand "~
(babel)             in language  on input line 898.
Package babel Info: Redefining russian shorthand "|
(babel)             in language  on input line 898.
Package babel Info: Redefining russian shorthand "~
(babel)             in language  on input line 898.
 [40]
Underfull \hbox (badness 2237) in paragraph at lines 923--924
[]\T2A/cmr/m/n/14.4  (- --) - -  DD26  DD3
0
 []

)
Package babel Info: Redefining russian shorthand "|
(babel)             in language  on input line 138.
Package babel Info: Redefining russian shorthand "~
(babel)             in language  on input line 138.
Package babel Info: Redefining russian shorthand "|
(babel)             in language  on input line 138.
Package babel Info: Redefining russian shorthand "~
(babel)             in language  on input line 138.
 [41] (fpga_utility_usage.tex
Package babel Info: Redefining russian shorthand "|
(babel)             in language  on input line 2.
Package babel Info: Redefining russian shorthand "~
(babel)             in language  on input line 2.
 (tsoik_trs_console_opening.tex
(comport_opening.tex))
Package babel Info: Redefining russian shorthand "|
(babel)             in language  on input line 15.
Package babel Info: Redefining russian shorthand "~
(babel)             in language  on input line 15.
Package babel Info: Redefining russian shorthand "|
(babel)             in language  on input line 15.
Package babel Info: Redefining russian shorthand "~
(babel)             in language  on input line 15.
 [42])
Package babel Info: Redefining russian shorthand "|
(babel)             in language  on input line 142.
Package babel Info: Redefining russian shorthand "~
(babel)             in language  on input line 142.
Package babel Info: Redefining russian shorthand "|
(babel)             in language  on input line 142.
Package babel Info: Redefining russian shorthand "~
(babel)             in language  on input line 142.
 [43] (reports.tex
Package babel Info: Redefining russian shorthand "|
(babel)             in language  on input line 3.
Package babel Info: Redefining russian shorthand "~
(babel)             in language  on input line 3.
)
(storage_and_internal_transportation.tex
Package babel Info: Redefining russian shorthand "|
(babel)             in language  on input line 3.
Package babel Info: Redefining russian shorthand "~
(babel)             in language  on input line 3.
)
Package babel Info: Redefining russian shorthand "|
(babel)             in language  on input line 149.
Package babel Info: Redefining russian shorthand "~
(babel)             in language  on input line 149.
Package babel Info: Redefining russian shorthand "|
(babel)             in language  on input line 149.
Package babel Info: Redefining russian shorthand "~
(babel)             in language  on input line 149.
 [44] (appendix.tex
Package babel Info: Redefining russian shorthand "|
(babel)             in language  on input line 6.
Package babel Info: Redefining russian shorthand "~
(babel)             in language  on input line 6.

<fig/vim_power_adapter_connection_sch.png, id=872, 336.25626pt x 196.735pt>
File: fig/vim_power_adapter_connection_sch.png Graphic file (type png)

<use fig/vim_power_adapter_connection_sch.png>
Package pdftex.def Info: fig/vim_power_adapter_connection_sch.png used on input
 line 11.
(pdftex.def)             Requested size: 269.00537pt x 157.38818pt.

<fig/vim_vcc12_adapter_solder_foto.jpg, id=873, 724.7075pt x 354.32375pt>
File: fig/vim_vcc12_adapter_solder_foto.jpg Graphic file (type jpg)

<use fig/vim_vcc12_adapter_solder_foto.jpg>
Package pdftex.def Info: fig/vim_vcc12_adapter_solder_foto.jpg used on input li
ne 17.
(pdftex.def)             Requested size: 509.30438pt x 249.01433pt.
Package babel Info: Redefining russian shorthand "|
(babel)             in language  on input line 30.
Package babel Info: Redefining russian shorthand "~
(babel)             in language  on input line 30.
Package babel Info: Redefining russian shorthand "|
(babel)             in language  on input line 30.
Package babel Info: Redefining russian shorthand "~
(babel)             in language  on input line 30.
 [45

 <./fig/vim_power_adapter_connection_sch.png> <./fig/vim_vcc12_adapter_solder_f
oto.jpg>]
Package babel Info: Redefining russian shorthand "|
(babel)             in language  on input line 30.
Package babel Info: Redefining russian shorthand "~
(babel)             in language  on input line 30.

<fig/vim_power_jumper_foto.jpg, id=878, 1563.8425pt x 600.2425pt>
File: fig/vim_power_jumper_foto.jpg Graphic file (type jpg)

<use fig/vim_power_jumper_foto.jpg>
Package pdftex.def Info: fig/vim_power_jumper_foto.jpg used on input line 34.
(pdftex.def)             Requested size: 509.30438pt x 195.47949pt.
)
Package babel Info: Redefining russian shorthand "|
(babel)             in language  on input line 152.
Package babel Info: Redefining russian shorthand "~
(babel)             in language  on input line 152.
Package babel Info: Redefining russian shorthand "|
(babel)             in language  on input line 152.
Package babel Info: Redefining russian shorthand "~
(babel)             in language  on input line 152.
 [46

 <./fig/vim_power_jumper_foto.jpg>]
(changeSheet.texpdfTeX warning (ext4): destination with the same identifier (na
me{table.1}) has been already used, duplicate ignored
<to be read again> 
                   \relax 
l.4 \end{ESKDchangeSheet}
                         ) 
AED: lastpage setting LastPage
Package babel Info: Redefining russian shorthand "|
(babel)             in language  on input line 155.
Package babel Info: Redefining russian shorthand "~
(babel)             in language  on input line 155.
Package babel Info: Redefining russian shorthand "|
(babel)             in language  on input line 155.
Package babel Info: Redefining russian shorthand "~
(babel)             in language  on input line 155.
[47

]
Package babel Info: Redefining russian shorthand "|
(babel)             in language  on input line 155.
Package babel Info: Redefining russian shorthand "~
(babel)             in language  on input line 155.
Package atveryend Info: Empty hook `BeforeClearDocument' on input line 155.
Package atveryend Info: Empty hook `AfterLastShipout' on input line 155.
 (ИЯДС.466226.001И3.aux)
Package atveryend Info: Executing hook `AtVeryEndDocument' on input line 155.
Package atveryend Info: Executing hook `AtEndAfterFileList' on input line 155.
Package rerunfilecheck Info: File `ИЯДС.466226.001И3.out' has not changed.

(rerunfilecheck)             Checksum: 8FBFD2E74E4ECA4DA1785A90BAC18C08;3388.


LaTeX Font Warning: Size substitutions with differences
(Font)              up to 1.28pt have occurred.


LaTeX Font Warning: Some font shapes were not available, defaults substituted.

Package atveryend Info: Empty hook `AtVeryVeryEnd' on input line 155.
 ) 
Here is how much of TeX's memory you used:
 17034 strings out of 493634
 243815 string characters out of 3141308
 345759 words of memory out of 3000000
 19396 multiletter control sequences out of 15000+200000
 21632 words of font info for 48 fonts, out of 3000000 for 9000
 1025 hyphenation exceptions out of 8191
 50i,10n,81p,1004b,991s stack positions out of 5000i,500n,10000p,200000b,50000s
 <C:\Users\yurtaev\AppData\Local\MiKTeX\2.9\fonts\pk\ljfour\lh\lh-t2a\dpi600\
labi1440.pk> <C:\Users\yurtaev\AppData\Local\MiKTeX\2.9\fonts\pk\ljfour\lh\lh-t
2a\dpi600\labi2074.pk> <C:\Users\yurtaev\AppData\Local\MiKTeX\2.9\fonts\pk\ljfo
ur\lh\lh-t2a\dpi600\lati1200.pk> <C:\Users\yurtaev\AppData\Local\MiKTeX\2.9\fon
ts\pk\ljfour\lh\lh-t2a\dpi600\labx1440.pk> <C:\Users\yurtaev\AppData\Local\MiKT
eX\2.9\fonts\pk\ljfour\lh\lh-t2a\dpi600\larm1200.pk> <C:\Users\yurtaev\AppData\
Local\MiKTeX\2.9\fonts\pk\ljfour\jknappen\ec\dpi600\tcrm1440.pk> <C:\Users\yurt
aev\AppData\Local\MiKTeX\2.9\fonts\pk\ljfour\lh\lh-t2a\dpi600\lati1440.pk> <C:\
Users\yurtaev\AppData\Local\MiKTeX\2.9\fonts\pk\ljfour\unknown\unknown\dpi600\l
arm1440.pk> <C:\Users\yurtaev\AppData\Local\MiKTeX\2.9\fonts\pk\ljfour\lh\lh-t2
a\dpi600\labx2074.pk> <C:\Users\yurtaev\AppData\Local\MiKTeX\2.9\fonts\pk\ljfou
r\lh\lh-t2a\dpi600\lasl2074.pk> <C:\Users\yurtaev\AppData\Local\MiKTeX\2.9\font
s\pk\ljfour\lh\lh-t2a\dpi600\lasl1200.pk> <C:\Users\yurtaev\AppData\Local\MiKTe
X\2.9\fonts\pk\ljfour\lh\lh-t2a\dpi600\lasl1728.pk> <C:\Users\yurtaev\AppData\L
ocal\MiKTeX\2.9\fonts\pk\ljfour\lh\lh-t2a\dpi600\labl1728.pk> <C:\Users\yurtaev
\AppData\Local\MiKTeX\2.9\fonts\pk\ljfour\lh\lh-t2a\dpi600\lasl1000.pk><C:/Prog
ram Files (x86)/MiKTeX 2.9/fonts/type1/public/amsfonts/cm/cmmi12.pfb><C:/Progra
m Files (x86)/MiKTeX 2.9/fonts/type1/public/amsfonts/cm/cmr12.pfb><C:/Program F
iles (x86)/MiKTeX 2.9/fonts/type1/public/amsfonts/cm/cmsy10.pfb>
Output written on ИЯДС.466226.001И3.pdf (47 pages, 799984 bytes).
PDF statistics:
 1595 PDF objects out of 1728 (max. 8388607)
 619 named destinations out of 1000 (max. 500000)
 132 words of extra memory for PDF output out of 10000 (max. 10000000)

